#
# There is insufficient memory for the Java Runtime Environment to continue.
# Native memory allocation (malloc) failed to allocate 1158720 bytes for Chunk::new
# Possible reasons:
#   The system is out of physical RAM or swap space
#   The process is running with CompressedOops enabled, and the Java Heap may be blocking the growth of the native heap
# Possible solutions:
#   Reduce memory load on the system
#   Increase physical memory or swap space
#   Check if swap backing store is full
#   Decrease Java heap size (-Xmx/-Xms)
#   Decrease number of Java threads
#   Decrease Java thread stack sizes (-Xss)
#   Set larger code cache with -XX:ReservedCodeCacheSize=
#   JVM is running with Unscaled Compressed Oops mode in which the Java heap is
#     placed in the first 4GB address space. The Java Heap base address is the
#     maximum limit for the native heap growth. Please use -XX:HeapBaseMinAddress
#     to set the Java Heap base and to place the Java Heap above 4GB virtual address.
# This output file may be truncated or incomplete.
#
#  Out of Memory Error (./open/src/hotspot/share/memory/arena.cpp:195), pid=6864, tid=3868
#
# JRE version: Java(TM) SE Runtime Environment (15.0.2+7) (build 15.0.2+7-27)
# Java VM: Java HotSpot(TM) 64-Bit Server VM (15.0.2+7-27, mixed mode, sharing, tiered, compressed oops, g1 gc, windows-amd64)
# No core dump will be written. Minidumps are not enabled by default on client versions of Windows
#

---------------  S U M M A R Y ------------

Command Line: --add-opens=java.base/java.util=ALL-UNNAMED --add-opens=java.base/java.lang=ALL-UNNAMED --add-opens=java.base/java.lang.invoke=ALL-UNNAMED --add-opens=java.prefs/java.util.prefs=ALL-UNNAMED -XX:MaxMetaspaceSize=256m -XX:+HeapDumpOnOutOfMemoryError -Xms256m -Xmx512m -Dfile.encoding=windows-1251 -Duser.country=RU -Duser.language=ru -Duser.variant org.gradle.launcher.daemon.bootstrap.GradleDaemon 6.7

Host: Intel(R) Core(TM) i5-3230M CPU @ 2.60GHz, 4 cores, 5G,  Windows 10 , 64 bit Build 19041 (10.0.19041.928)
Time: Wed Apr 21 22:04:43 2021 Центральная Азия (зима) elapsed time: 9763.349136 seconds (0d 2h 42m 43s)

---------------  T H R E A D  ---------------

Current thread (0x00000239cc1d6630):  JavaThread "C2 CompilerThread0" daemon [_thread_in_native, id=3868, stack(0x000000ef61900000,0x000000ef61a00000)]


Current CompileTask:
C2:9763349 23895       4       java.lang.Module::implIsExportedOrOpen (92 bytes)

Stack: [0x000000ef61900000,0x000000ef61a00000]
Native frames: (J=compiled Java code, j=interpreted, Vv=VM code, C=native code)
V  [jvm.dll+0x62ae9a]
V  [jvm.dll+0x7817a9]
V  [jvm.dll+0x782f03]
V  [jvm.dll+0x783563]
V  [jvm.dll+0x216325]
V  [jvm.dll+0x97f3a]
V  [jvm.dll+0x9861c]
V  [jvm.dll+0x32e305]
V  [jvm.dll+0x2f768a]
V  [jvm.dll+0x2f6a4a]
V  [jvm.dll+0x1ea705]
V  [jvm.dll+0x1e996e]
V  [jvm.dll+0x178567]
V  [jvm.dll+0x1f9225]
V  [jvm.dll+0x1f72cc]
V  [jvm.dll+0x74495d]
V  [jvm.dll+0x73d75a]
V  [jvm.dll+0x629c56]
C  [ucrtbase.dll+0x21bb2]
C  [KERNEL32.DLL+0x17034]
C  [ntdll.dll+0x52651]


---------------  P R O C E S S  ---------------

Threads class SMR info:
_java_thread_list=0x00000239d2dbbf00, length=42, elements={
0x00000239b17c6c90, 0x00000239cc1b3790, 0x00000239cc1b4a10, 0x00000239cc1d25b0,
0x00000239cc1d2f70, 0x00000239cc1d5940, 0x00000239cc1d6630, 0x00000239cc1dca40,
0x00000239cc1ed750, 0x00000239ccc1fa60, 0x00000239ccc4c120, 0x00000239ce559020,
0x00000239cdcca6a0, 0x00000239ce5ab280, 0x00000239ce712d00, 0x00000239ce7131d0,
0x00000239ce712360, 0x00000239ce7136a0, 0x00000239ce714040, 0x00000239cf0da8c0,
0x00000239d3404620, 0x00000239ce5d5bc0, 0x00000239ce5d73d0, 0x00000239d2fd2130,
0x00000239d2fd2ad0, 0x00000239d2fce770, 0x00000239d3229f10, 0x00000239dea38960,
0x00000239d322c0c0, 0x00000239d3227d60, 0x00000239d680dee0, 0x00000239dfe9a610,
0x00000239dea39300, 0x00000239dea397d0, 0x00000239d3b62960, 0x00000239d39839d0,
0x00000239d3983ea0, 0x00000239d3981820, 0x00000239ced7c490, 0x00000239ced7c960,
0x00000239ced7ac80, 0x00000239dfe9c7c0
}

Java Threads: ( => current thread )
  0x00000239b17c6c90 JavaThread "main" [_thread_blocked, id=10104, stack(0x000000ef60d00000,0x000000ef60e00000)]
  0x00000239cc1b3790 JavaThread "Reference Handler" daemon [_thread_blocked, id=6900, stack(0x000000ef61400000,0x000000ef61500000)]
  0x00000239cc1b4a10 JavaThread "Finalizer" daemon [_thread_blocked, id=3200, stack(0x000000ef61500000,0x000000ef61600000)]
  0x00000239cc1d25b0 JavaThread "Signal Dispatcher" daemon [_thread_blocked, id=1224, stack(0x000000ef61600000,0x000000ef61700000)]
  0x00000239cc1d2f70 JavaThread "Attach Listener" daemon [_thread_blocked, id=10632, stack(0x000000ef61700000,0x000000ef61800000)]
  0x00000239cc1d5940 JavaThread "Service Thread" daemon [_thread_blocked, id=9520, stack(0x000000ef61800000,0x000000ef61900000)]
=>0x00000239cc1d6630 JavaThread "C2 CompilerThread0" daemon [_thread_in_native, id=3868, stack(0x000000ef61900000,0x000000ef61a00000)]
  0x00000239cc1dca40 JavaThread "C1 CompilerThread0" daemon [_thread_blocked, id=11232, stack(0x000000ef61a00000,0x000000ef61b00000)]
  0x00000239cc1ed750 JavaThread "Sweeper thread" daemon [_thread_blocked, id=1424, stack(0x000000ef61b00000,0x000000ef61c00000)]
  0x00000239ccc1fa60 JavaThread "Common-Cleaner" daemon [_thread_blocked, id=5564, stack(0x000000ef61c00000,0x000000ef61d00000)]
  0x00000239ccc4c120 JavaThread "Notification Thread" daemon [_thread_blocked, id=6724, stack(0x000000ef61d00000,0x000000ef61e00000)]
  0x00000239ce559020 JavaThread "Daemon health stats" [_thread_blocked, id=468, stack(0x000000ef62300000,0x000000ef62400000)]
  0x00000239cdcca6a0 JavaThread "Incoming local TCP Connector on port 10428" [_thread_in_native, id=10844, stack(0x000000ef61f00000,0x000000ef62000000)]
  0x00000239ce5ab280 JavaThread "Daemon periodic checks" [_thread_blocked, id=9940, stack(0x000000ef62600000,0x000000ef62700000)]
  0x00000239ce712d00 JavaThread "Cache worker for file hash cache (C:\Users\inter\.gradle\caches\6.7\fileHashes)" [_thread_blocked, id=8700, stack(0x000000ef62e00000,0x000000ef62f00000)]
  0x00000239ce7131d0 JavaThread "File lock request listener" [_thread_in_native, id=8840, stack(0x000000ef62f00000,0x000000ef63000000)]
  0x00000239ce712360 JavaThread "Cache worker for journal cache (C:\Users\inter\.gradle\caches\journal-1)" [_thread_blocked, id=10040, stack(0x000000ef63000000,0x000000ef63100000)]
  0x00000239ce7136a0 JavaThread "Cache worker for execution history cache (C:\Users\inter\.gradle\caches\6.7\executionHistory)" [_thread_blocked, id=7676, stack(0x000000ef63600000,0x000000ef63700000)]
  0x00000239ce714040 JavaThread "Cache worker for file content cache (C:\Users\inter\.gradle\caches\6.7\fileContent)" [_thread_blocked, id=5192, stack(0x000000ef63800000,0x000000ef63900000)]
  0x00000239cf0da8c0 JavaThread "Memory manager" [_thread_blocked, id=7512, stack(0x000000ef69900000,0x000000ef69a00000)]
  0x00000239d3404620 JavaThread "Monitor" [_thread_in_native, id=9252, stack(0x000000ef60a00000,0x000000ef60b00000)]
  0x00000239ce5d5bc0 JavaThread "JdwpProxyConnection" [_thread_in_native, id=7656, stack(0x000000ef6a100000,0x000000ef6a200000)]
  0x00000239ce5d73d0 JavaThread "Device List Monitor" [_thread_in_native, id=2752, stack(0x000000ef6a200000,0x000000ef6a300000)]
  0x00000239d2fd2130 JavaThread "Monitor" [_thread_in_native, id=12228, stack(0x000000ef69d00000,0x000000ef69e00000)]
  0x00000239d2fd2ad0 JavaThread "JdwpProxyConnection" [_thread_in_native, id=5080, stack(0x000000ef63200000,0x000000ef63300000)]
  0x00000239d2fce770 JavaThread "Device List Monitor" [_thread_in_native, id=9228, stack(0x000000ef69e00000,0x000000ef69f00000)]
  0x00000239d3229f10 JavaThread "Cache worker for Java compile cache (C:\Users\inter\.gradle\caches\6.7\javaCompile)" [_thread_blocked, id=10416, stack(0x000000ef6af00000,0x000000ef6b000000)]
  0x00000239dea38960 JavaThread "ForkJoinPool.commonPool-worker-7" daemon [_thread_blocked, id=5144, stack(0x000000ef63e00000,0x000000ef63f00000)]
  0x00000239d322c0c0 JavaThread "Monitor" [_thread_in_native, id=12020, stack(0x000000ef64000000,0x000000ef64100000)]
  0x00000239d3227d60 JavaThread "JdwpProxyConnection" [_thread_in_native, id=6016, stack(0x000000ef64100000,0x000000ef64200000)]
  0x00000239d680dee0 JavaThread "Device List Monitor" [_thread_in_native, id=2176, stack(0x000000ef64200000,0x000000ef64300000)]
  0x00000239dfe9a610 JavaThread "Daemon Thread 6" [_thread_blocked, id=1364, stack(0x000000ef60b00000,0x000000ef60c00000)]
  0x00000239dea39300 JavaThread "Handler for socket connection from /127.0.0.1:10428 to /127.0.0.1:13811" [_thread_in_native, id=992, stack(0x000000ef60c00000,0x000000ef60d00000)]
  0x00000239dea397d0 JavaThread "Cancel handler" [_thread_blocked, id=4784, stack(0x000000ef62400000,0x000000ef62500000)]
  0x00000239d3b62960 JavaThread "Daemon worker Thread 6" [_thread_in_Java, id=2236, stack(0x000000ef62500000,0x000000ef62600000)]
  0x00000239d39839d0 JavaThread "Asynchronous log dispatcher for DefaultDaemonConnection: socket connection from /127.0.0.1:10428 to /127.0.0.1:13811" [_thread_blocked, id=12268, stack(0x000000ef62700000,0x000000ef62800000)]
  0x00000239d3983ea0 JavaThread "Stdin handler" [_thread_blocked, id=8152, stack(0x000000ef62800000,0x000000ef62900000)]
  0x00000239d3981820 JavaThread "Thread-688" [_thread_blocked, id=6396, stack(0x000000ef62900000,0x000000ef62a00000)]
  0x00000239ced7c490 JavaThread "Cache worker for file hash cache (C:\dev\AwesomeProject\android\.gradle\6.7\fileHashes)" [_thread_blocked, id=12080, stack(0x000000ef62a00000,0x000000ef62b00000)]
  0x00000239ced7c960 JavaThread "Cache worker for checksums cache (C:\dev\AwesomeProject\android\.gradle\checksums)" [_thread_blocked, id=10188, stack(0x000000ef62b00000,0x000000ef62c00000)]
  0x00000239ced7ac80 JavaThread "Cache worker for cache directory md-supplier (C:\Users\inter\.gradle\caches\6.7\md-supplier)" [_thread_blocked, id=7508, stack(0x000000ef62c00000,0x000000ef62d00000)]
  0x00000239dfe9c7c0 JavaThread "Cache worker for cache directory md-rule (C:\Users\inter\.gradle\caches\6.7\md-rule)" [_thread_blocked, id=8068, stack(0x000000ef62d00000,0x000000ef62e00000)]

Other Threads:
  0x00000239cc1ae2e0 VMThread "VM Thread" [stack: 0x000000ef61300000,0x000000ef61400000] [id=6868]
  0x00000239ccc4d600 WatcherThread [stack: 0x000000ef61e00000,0x000000ef61f00000] [id=7208]
  0x00000239b17ee650 GCTaskThread "GC Thread#0" [stack: 0x000000ef60e00000,0x000000ef60f00000] [id=3292]
  0x00000239cd1fcdd0 GCTaskThread "GC Thread#1" [stack: 0x000000ef62000000,0x000000ef62100000] [id=7900]
  0x00000239cd1fbde0 GCTaskThread "GC Thread#2" [stack: 0x000000ef62100000,0x000000ef62200000] [id=11844]
  0x00000239cd1ff410 GCTaskThread "GC Thread#3" [stack: 0x000000ef62200000,0x000000ef62300000] [id=10676]
  0x00000239b17f36b0 ConcurrentGCThread "G1 Main Marker" [stack: 0x000000ef60f00000,0x000000ef61000000] [id=12264]
  0x00000239b17f41b0 ConcurrentGCThread "G1 Conc#0" [stack: 0x000000ef61000000,0x000000ef61100000] [id=5332]
  0x00000239b189c970 ConcurrentGCThread "G1 Refine#0" [stack: 0x000000ef61100000,0x000000ef61200000] [id=4424]
  0x00000239d18bbd90 ConcurrentGCThread "G1 Refine#1" [stack: 0x000000ef69a00000,0x000000ef69b00000] [id=6100]
  0x00000239d35d52f0 ConcurrentGCThread "G1 Refine#2" [stack: 0x000000ef63400000,0x000000ef63500000] [id=1156]
  0x00000239d35d3130 ConcurrentGCThread "G1 Refine#3" [stack: 0x000000ef69b00000,0x000000ef69c00000] [id=3068]
  0x00000239b189d480 ConcurrentGCThread "G1 Young RemSet Sampling" [stack: 0x000000ef61200000,0x000000ef61300000] [id=9792]

Threads with active compile tasks:
C2 CompilerThread0  9763433 23895       4       java.lang.Module::implIsExportedOrOpen (92 bytes)

VM state: not at safepoint (normal execution)

VM Mutex/Monitor currently owned by a thread: None

Heap address: 0x00000000e0000000, size: 512 MB, Compressed Oops mode: 32-bit
CDS archive(s) mapped at: [0x0000000800000000-0x0000000800b50000-0x0000000800b50000), size 11862016, SharedBaseAddress: 0x0000000800000000, ArchiveRelocationMode: 0.
Compressed class space mapped at: 0x0000000800b50000-0x0000000810350000, size: 260046848
Narrow klass base: 0x0000000800000000, Narrow klass shift: 3, Narrow klass range: 0x100000000

GC Precious Log:
 CPUs: 4 total, 4 available
 Memory: 6029M
 Large Page Support: Disabled
 NUMA Support: Disabled
 Compressed Oops: Enabled (32-bit)
 Heap Region Size: 1M
 Heap Min Capacity: 256M
 Heap Initial Capacity: 256M
 Heap Max Capacity: 512M
 Pre-touch: Disabled
 Parallel Workers: 4
 Concurrent Workers: 1
 Concurrent Refinement Workers: 4
 Periodic GC: Disabled

Heap:
 garbage-first heap   total 357376K, used 209877K [0x00000000e0000000, 0x0000000100000000)
  region size 1024K, 104 young (106496K), 1 survivors (1024K)
 Metaspace       used 149230K, capacity 151084K, committed 151836K, reserved 387072K
  class space    used 18634K, capacity 19272K, committed 19404K, reserved 253952K

Heap Regions: E=young(eden), S=young(survivor), O=old, HS=humongous(starts), HC=humongous(continues), CS=collection set, F=free, OA=open archive, CA=closed archive, TAMS=top-at-mark-start (previous, next)
|   0|0x00000000e0000000, 0x00000000e0100000, 0x00000000e0100000|100%| O|  |TAMS 0x00000000e0100000, 0x00000000e0000000| Untracked 
|   1|0x00000000e0100000, 0x00000000e0200000, 0x00000000e0200000|100%| O|  |TAMS 0x00000000e0200000, 0x00000000e0100000| Untracked 
|   2|0x00000000e0200000, 0x00000000e0300000, 0x00000000e0300000|100%|HS|  |TAMS 0x00000000e0300000, 0x00000000e0200000| Complete 
|   3|0x00000000e0300000, 0x00000000e0400000, 0x00000000e0400000|100%|HS|  |TAMS 0x00000000e0400000, 0x00000000e0300000| Complete 
|   4|0x00000000e0400000, 0x00000000e0500000, 0x00000000e0500000|100%|HC|  |TAMS 0x00000000e0500000, 0x00000000e0400000| Complete 
|   5|0x00000000e0500000, 0x00000000e0600000, 0x00000000e0600000|100%|HC|  |TAMS 0x00000000e0600000, 0x00000000e0500000| Complete 
|   6|0x00000000e0600000, 0x00000000e0700000, 0x00000000e0700000|100%| O|  |TAMS 0x00000000e0700000, 0x00000000e0600000| Untracked 
|   7|0x00000000e0700000, 0x00000000e0800000, 0x00000000e0800000|100%| O|  |TAMS 0x00000000e0800000, 0x00000000e0700000| Untracked 
|   8|0x00000000e0800000, 0x00000000e0900000, 0x00000000e0900000|100%| O|  |TAMS 0x00000000e0900000, 0x00000000e0800000| Untracked 
|   9|0x00000000e0900000, 0x00000000e0a00000, 0x00000000e0a00000|100%|HS|  |TAMS 0x00000000e0a00000, 0x00000000e0900000| Complete 
|  10|0x00000000e0a00000, 0x00000000e0b00000, 0x00000000e0b00000|100%|HC|  |TAMS 0x00000000e0b00000, 0x00000000e0a00000| Complete 
|  11|0x00000000e0b00000, 0x00000000e0c00000, 0x00000000e0c00000|100%| O|  |TAMS 0x00000000e0c00000, 0x00000000e0b00000| Untracked 
|  12|0x00000000e0c00000, 0x00000000e0d00000, 0x00000000e0d00000|100%| O|  |TAMS 0x00000000e0d00000, 0x00000000e0c00000| Untracked 
|  13|0x00000000e0d00000, 0x00000000e0e00000, 0x00000000e0e00000|100%| O|  |TAMS 0x00000000e0e00000, 0x00000000e0d00000| Untracked 
|  14|0x00000000e0e00000, 0x00000000e0f00000, 0x00000000e0f00000|100%| O|  |TAMS 0x00000000e0f00000, 0x00000000e0e00000| Untracked 
|  15|0x00000000e0f00000, 0x00000000e1000000, 0x00000000e1000000|100%| O|  |TAMS 0x00000000e1000000, 0x00000000e0f00000| Untracked 
|  16|0x00000000e1000000, 0x00000000e1100000, 0x00000000e1100000|100%| O|  |TAMS 0x00000000e1100000, 0x00000000e1000000| Untracked 
|  17|0x00000000e1100000, 0x00000000e1200000, 0x00000000e1200000|100%| O|  |TAMS 0x00000000e1200000, 0x00000000e1100000| Untracked 
|  18|0x00000000e1200000, 0x00000000e1300000, 0x00000000e1300000|100%| O|  |TAMS 0x00000000e1300000, 0x00000000e1200000| Untracked 
|  19|0x00000000e1300000, 0x00000000e1300000, 0x00000000e1400000|  0%| F|  |TAMS 0x00000000e1300000, 0x00000000e1300000| Untracked 
|  20|0x00000000e1400000, 0x00000000e1400000, 0x00000000e1500000|  0%| F|  |TAMS 0x00000000e1400000, 0x00000000e1400000| Untracked 
|  21|0x00000000e1500000, 0x00000000e1600000, 0x00000000e1600000|100%| O|  |TAMS 0x00000000e1600000, 0x00000000e1500000| Untracked 
|  22|0x00000000e1600000, 0x00000000e1700000, 0x00000000e1700000|100%| O|  |TAMS 0x00000000e1600000, 0x00000000e1600000| Untracked 
|  23|0x00000000e1700000, 0x00000000e1800000, 0x00000000e1800000|100%| O|  |TAMS 0x00000000e1700000, 0x00000000e1700000| Untracked 
|  24|0x00000000e1800000, 0x00000000e1900000, 0x00000000e1900000|100%| O|  |TAMS 0x00000000e1900000, 0x00000000e1800000| Untracked 
|  25|0x00000000e1900000, 0x00000000e1a00000, 0x00000000e1a00000|100%| O|  |TAMS 0x00000000e1a00000, 0x00000000e1900000| Untracked 
|  26|0x00000000e1a00000, 0x00000000e1b00000, 0x00000000e1b00000|100%| O|  |TAMS 0x00000000e1b00000, 0x00000000e1a00000| Untracked 
|  27|0x00000000e1b00000, 0x00000000e1c00000, 0x00000000e1c00000|100%| O|  |TAMS 0x00000000e1b00000, 0x00000000e1b00000| Untracked 
|  28|0x00000000e1c00000, 0x00000000e1d00000, 0x00000000e1d00000|100%| O|  |TAMS 0x00000000e1c00000, 0x00000000e1c00000| Untracked 
|  29|0x00000000e1d00000, 0x00000000e1e00000, 0x00000000e1e00000|100%| O|  |TAMS 0x00000000e1e00000, 0x00000000e1d00000| Untracked 
|  30|0x00000000e1e00000, 0x00000000e1f00000, 0x00000000e1f00000|100%| O|  |TAMS 0x00000000e1e00000, 0x00000000e1e00000| Untracked 
|  31|0x00000000e1f00000, 0x00000000e2000000, 0x00000000e2000000|100%| O|  |TAMS 0x00000000e2000000, 0x00000000e1f00000| Untracked 
|  32|0x00000000e2000000, 0x00000000e2000000, 0x00000000e2100000|  0%| F|  |TAMS 0x00000000e2000000, 0x00000000e2000000| Untracked 
|  33|0x00000000e2100000, 0x00000000e2100000, 0x00000000e2200000|  0%| F|  |TAMS 0x00000000e2100000, 0x00000000e2100000| Untracked 
|  34|0x00000000e2200000, 0x00000000e2300000, 0x00000000e2300000|100%| O|  |TAMS 0x00000000e2200000, 0x00000000e2200000| Untracked 
|  35|0x00000000e2300000, 0x00000000e2400000, 0x00000000e2400000|100%| O|  |TAMS 0x00000000e2400000, 0x00000000e2300000| Untracked 
|  36|0x00000000e2400000, 0x00000000e2500000, 0x00000000e2500000|100%| O|  |TAMS 0x00000000e2500000, 0x00000000e2400000| Untracked 
|  37|0x00000000e2500000, 0x00000000e2600000, 0x00000000e2600000|100%| O|  |TAMS 0x00000000e2500000, 0x00000000e2500000| Untracked 
|  38|0x00000000e2600000, 0x00000000e2700000, 0x00000000e2700000|100%| O|  |TAMS 0x00000000e2700000, 0x00000000e2600000| Untracked 
|  39|0x00000000e2700000, 0x00000000e2800000, 0x00000000e2800000|100%| O|  |TAMS 0x00000000e2800000, 0x00000000e2700000| Untracked 
|  40|0x00000000e2800000, 0x00000000e2900000, 0x00000000e2900000|100%| O|  |TAMS 0x00000000e2800000, 0x00000000e2800000| Untracked 
|  41|0x00000000e2900000, 0x00000000e2a00000, 0x00000000e2a00000|100%| O|  |TAMS 0x00000000e2a00000, 0x00000000e2900000| Untracked 
|  42|0x00000000e2a00000, 0x00000000e2b00000, 0x00000000e2b00000|100%| O|  |TAMS 0x00000000e2b00000, 0x00000000e2a00000| Untracked 
|  43|0x00000000e2b00000, 0x00000000e2c00000, 0x00000000e2c00000|100%| O|  |TAMS 0x00000000e2c00000, 0x00000000e2b00000| Untracked 
|  44|0x00000000e2c00000, 0x00000000e2d00000, 0x00000000e2d00000|100%| O|  |TAMS 0x00000000e2d00000, 0x00000000e2c00000| Untracked 
|  45|0x00000000e2d00000, 0x00000000e2e00000, 0x00000000e2e00000|100%| O|  |TAMS 0x00000000e2e00000, 0x00000000e2d00000| Untracked 
|  46|0x00000000e2e00000, 0x00000000e2e00000, 0x00000000e2f00000|  0%| F|  |TAMS 0x00000000e2e00000, 0x00000000e2e00000| Untracked 
|  47|0x00000000e2f00000, 0x00000000e3000000, 0x00000000e3000000|100%| O|  |TAMS 0x00000000e3000000, 0x00000000e2f00000| Untracked 
|  48|0x00000000e3000000, 0x00000000e3100000, 0x00000000e3100000|100%| O|  |TAMS 0x00000000e3100000, 0x00000000e3000000| Untracked 
|  49|0x00000000e3100000, 0x00000000e3200000, 0x00000000e3200000|100%| O|  |TAMS 0x00000000e3200000, 0x00000000e3100000| Untracked 
|  50|0x00000000e3200000, 0x00000000e3300000, 0x00000000e3300000|100%| O|  |TAMS 0x00000000e3300000, 0x00000000e3200000| Untracked 
|  51|0x00000000e3300000, 0x00000000e3400000, 0x00000000e3400000|100%| O|  |TAMS 0x00000000e3400000, 0x00000000e3300000| Untracked 
|  52|0x00000000e3400000, 0x00000000e3500000, 0x00000000e3500000|100%| O|  |TAMS 0x00000000e3500000, 0x00000000e3400000| Untracked 
|  53|0x00000000e3500000, 0x00000000e3600000, 0x00000000e3600000|100%| O|  |TAMS 0x00000000e3600000, 0x00000000e3500000| Untracked 
|  54|0x00000000e3600000, 0x00000000e3700000, 0x00000000e3700000|100%|HS|  |TAMS 0x00000000e3700000, 0x00000000e3600000| Complete 
|  55|0x00000000e3700000, 0x00000000e3800000, 0x00000000e3800000|100%|HC|  |TAMS 0x00000000e3800000, 0x00000000e3700000| Complete 
|  56|0x00000000e3800000, 0x00000000e3900000, 0x00000000e3900000|100%| O|  |TAMS 0x00000000e3900000, 0x00000000e3800000| Untracked 
|  57|0x00000000e3900000, 0x00000000e3a00000, 0x00000000e3a00000|100%| O|  |TAMS 0x00000000e3a00000, 0x00000000e3900000| Untracked 
|  58|0x00000000e3a00000, 0x00000000e3b00000, 0x00000000e3b00000|100%| O|  |TAMS 0x00000000e3b00000, 0x00000000e3a00000| Untracked 
|  59|0x00000000e3b00000, 0x00000000e3c00000, 0x00000000e3c00000|100%| O|  |TAMS 0x00000000e3c00000, 0x00000000e3b00000| Untracked 
|  60|0x00000000e3c00000, 0x00000000e3d00000, 0x00000000e3d00000|100%| O|  |TAMS 0x00000000e3d00000, 0x00000000e3c00000| Untracked 
|  61|0x00000000e3d00000, 0x00000000e3e00000, 0x00000000e3e00000|100%| O|  |TAMS 0x00000000e3e00000, 0x00000000e3d00000| Untracked 
|  62|0x00000000e3e00000, 0x00000000e3f00000, 0x00000000e3f00000|100%| O|  |TAMS 0x00000000e3f00000, 0x00000000e3e00000| Untracked 
|  63|0x00000000e3f00000, 0x00000000e4000000, 0x00000000e4000000|100%| O|  |TAMS 0x00000000e3f00000, 0x00000000e3f00000| Untracked 
|  64|0x00000000e4000000, 0x00000000e4100000, 0x00000000e4100000|100%| O|  |TAMS 0x00000000e4000000, 0x00000000e4000000| Untracked 
|  65|0x00000000e4100000, 0x00000000e4200000, 0x00000000e4200000|100%| O|  |TAMS 0x00000000e4100000, 0x00000000e4100000| Untracked 
|  66|0x00000000e4200000, 0x00000000e4300000, 0x00000000e4300000|100%| O|  |TAMS 0x00000000e4200000, 0x00000000e4200000| Untracked 
|  67|0x00000000e4300000, 0x00000000e4400000, 0x00000000e4400000|100%| O|  |TAMS 0x00000000e4400000, 0x00000000e4300000| Untracked 
|  68|0x00000000e4400000, 0x00000000e4400000, 0x00000000e4500000|  0%| F|  |TAMS 0x00000000e4400000, 0x00000000e4400000| Untracked 
|  69|0x00000000e4500000, 0x00000000e4500000, 0x00000000e4600000|  0%| F|  |TAMS 0x00000000e4500000, 0x00000000e4500000| Untracked 
|  70|0x00000000e4600000, 0x00000000e4700000, 0x00000000e4700000|100%| O|  |TAMS 0x00000000e4700000, 0x00000000e4600000| Untracked 
|  71|0x00000000e4700000, 0x00000000e4800000, 0x00000000e4800000|100%| O|  |TAMS 0x00000000e4700000, 0x00000000e4700000| Untracked 
|  72|0x00000000e4800000, 0x00000000e4900000, 0x00000000e4900000|100%| O|  |TAMS 0x00000000e4900000, 0x00000000e4800000| Untracked 
|  73|0x00000000e4900000, 0x00000000e4a00000, 0x00000000e4a00000|100%| O|  |TAMS 0x00000000e4900000, 0x00000000e4900000| Untracked 
|  74|0x00000000e4a00000, 0x00000000e4b00000, 0x00000000e4b00000|100%| O|  |TAMS 0x00000000e4a00000, 0x00000000e4a00000| Untracked 
|  75|0x00000000e4b00000, 0x00000000e4b00000, 0x00000000e4c00000|  0%| F|  |TAMS 0x00000000e4b00000, 0x00000000e4b00000| Untracked 
|  76|0x00000000e4c00000, 0x00000000e4c00000, 0x00000000e4d00000|  0%| F|  |TAMS 0x00000000e4c00000, 0x00000000e4c00000| Untracked 
|  77|0x00000000e4d00000, 0x00000000e4e00000, 0x00000000e4e00000|100%| O|  |TAMS 0x00000000e4d00000, 0x00000000e4d00000| Untracked 
|  78|0x00000000e4e00000, 0x00000000e4e00000, 0x00000000e4f00000|  0%| F|  |TAMS 0x00000000e4e00000, 0x00000000e4e00000| Untracked 
|  79|0x00000000e4f00000, 0x00000000e4f00000, 0x00000000e5000000|  0%| F|  |TAMS 0x00000000e4f00000, 0x00000000e4f00000| Untracked 
|  80|0x00000000e5000000, 0x00000000e5100000, 0x00000000e5100000|100%| O|  |TAMS 0x00000000e5000000, 0x00000000e5000000| Untracked 
|  81|0x00000000e5100000, 0x00000000e5100000, 0x00000000e5200000|  0%| F|  |TAMS 0x00000000e5100000, 0x00000000e5100000| Untracked 
|  82|0x00000000e5200000, 0x00000000e5200000, 0x00000000e5300000|  0%| F|  |TAMS 0x00000000e5200000, 0x00000000e5200000| Untracked 
|  83|0x00000000e5300000, 0x00000000e5300000, 0x00000000e5400000|  0%| F|  |TAMS 0x00000000e5300000, 0x00000000e5300000| Untracked 
|  84|0x00000000e5400000, 0x00000000e5400000, 0x00000000e5500000|  0%| F|  |TAMS 0x00000000e5400000, 0x00000000e5400000| Untracked 
|  85|0x00000000e5500000, 0x00000000e5600000, 0x00000000e5600000|100%| O|  |TAMS 0x00000000e5500000, 0x00000000e5500000| Untracked 
|  86|0x00000000e5600000, 0x00000000e5700000, 0x00000000e5700000|100%|HS|  |TAMS 0x00000000e5700000, 0x00000000e5600000| Complete 
|  87|0x00000000e5700000, 0x00000000e5800000, 0x00000000e5800000|100%|HC|  |TAMS 0x00000000e5800000, 0x00000000e5700000| Complete 
|  88|0x00000000e5800000, 0x00000000e5900000, 0x00000000e5900000|100%| O|  |TAMS 0x00000000e5900000, 0x00000000e5800000| Untracked 
|  89|0x00000000e5900000, 0x00000000e5a00000, 0x00000000e5a00000|100%| O|  |TAMS 0x00000000e5a00000, 0x00000000e5900000| Untracked 
|  90|0x00000000e5a00000, 0x00000000e5a00000, 0x00000000e5b00000|  0%| F|  |TAMS 0x00000000e5a00000, 0x00000000e5a00000| Untracked 
|  91|0x00000000e5b00000, 0x00000000e5c00000, 0x00000000e5c00000|100%| O|  |TAMS 0x00000000e5c00000, 0x00000000e5b00000| Untracked 
|  92|0x00000000e5c00000, 0x00000000e5d00000, 0x00000000e5d00000|100%| O|  |TAMS 0x00000000e5c00000, 0x00000000e5c00000| Untracked 
|  93|0x00000000e5d00000, 0x00000000e5e00000, 0x00000000e5e00000|100%| O|  |TAMS 0x00000000e5d00000, 0x00000000e5d00000| Untracked 
|  94|0x00000000e5e00000, 0x00000000e5e00000, 0x00000000e5f00000|  0%| F|  |TAMS 0x00000000e5e00000, 0x00000000e5e00000| Untracked 
|  95|0x00000000e5f00000, 0x00000000e6000000, 0x00000000e6000000|100%| O|  |TAMS 0x00000000e6000000, 0x00000000e5f00000| Untracked 
|  96|0x00000000e6000000, 0x00000000e6000000, 0x00000000e6100000|  0%| F|  |TAMS 0x00000000e6000000, 0x00000000e6000000| Untracked 
|  97|0x00000000e6100000, 0x00000000e6100000, 0x00000000e6200000|  0%| F|  |TAMS 0x00000000e6100000, 0x00000000e6100000| Untracked 
|  98|0x00000000e6200000, 0x00000000e6200000, 0x00000000e6300000|  0%| F|  |TAMS 0x00000000e6200000, 0x00000000e6200000| Untracked 
|  99|0x00000000e6300000, 0x00000000e6400000, 0x00000000e6400000|100%| O|  |TAMS 0x00000000e6300000, 0x00000000e6300000| Untracked 
| 100|0x00000000e6400000, 0x00000000e6400000, 0x00000000e6500000|  0%| F|  |TAMS 0x00000000e6400000, 0x00000000e6400000| Untracked 
| 101|0x00000000e6500000, 0x00000000e6500000, 0x00000000e6600000|  0%| F|  |TAMS 0x00000000e6500000, 0x00000000e6500000| Untracked 
| 102|0x00000000e6600000, 0x00000000e6600000, 0x00000000e6700000|  0%| F|  |TAMS 0x00000000e6600000, 0x00000000e6600000| Untracked 
| 103|0x00000000e6700000, 0x00000000e6800000, 0x00000000e6800000|100%| O|  |TAMS 0x00000000e6700000, 0x00000000e6700000| Untracked 
| 104|0x00000000e6800000, 0x00000000e6900000, 0x00000000e6900000|100%| O|  |TAMS 0x00000000e6900000, 0x00000000e6800000| Untracked 
| 105|0x00000000e6900000, 0x00000000e6a00000, 0x00000000e6a00000|100%| O|  |TAMS 0x00000000e6a00000, 0x00000000e6900000| Untracked 
| 106|0x00000000e6a00000, 0x00000000e6b00000, 0x00000000e6b00000|100%| O|  |TAMS 0x00000000e6b00000, 0x00000000e6a00000| Untracked 
| 107|0x00000000e6b00000, 0x00000000e6c00000, 0x00000000e6c00000|100%| O|  |TAMS 0x00000000e6c00000, 0x00000000e6b00000| Untracked 
| 108|0x00000000e6c00000, 0x00000000e6d00000, 0x00000000e6d00000|100%| O|  |TAMS 0x00000000e6d00000, 0x00000000e6c00000| Untracked 
| 109|0x00000000e6d00000, 0x00000000e6e00000, 0x00000000e6e00000|100%| O|  |TAMS 0x00000000e6e00000, 0x00000000e6d00000| Untracked 
| 110|0x00000000e6e00000, 0x00000000e6f00000, 0x00000000e6f00000|100%| O|  |TAMS 0x00000000e6f00000, 0x00000000e6e00000| Untracked 
| 111|0x00000000e6f00000, 0x00000000e6f00000, 0x00000000e7000000|  0%| F|  |TAMS 0x00000000e6f00000, 0x00000000e6f00000| Untracked 
| 112|0x00000000e7000000, 0x00000000e7100000, 0x00000000e7100000|100%| O|  |TAMS 0x00000000e7100000, 0x00000000e7000000| Untracked 
| 113|0x00000000e7100000, 0x00000000e7200000, 0x00000000e7200000|100%| O|  |TAMS 0x00000000e7200000, 0x00000000e7100000| Untracked 
| 114|0x00000000e7200000, 0x00000000e7300000, 0x00000000e7300000|100%| O|  |TAMS 0x00000000e7300000, 0x00000000e7200000| Untracked 
| 115|0x00000000e7300000, 0x00000000e7400000, 0x00000000e7400000|100%| O|  |TAMS 0x00000000e7400000, 0x00000000e7300000| Untracked 
| 116|0x00000000e7400000, 0x00000000e7500000, 0x00000000e7500000|100%| O|  |TAMS 0x00000000e7500000, 0x00000000e7400000| Untracked 
| 117|0x00000000e7500000, 0x00000000e7500000, 0x00000000e7600000|  0%| F|  |TAMS 0x00000000e7500000, 0x00000000e7500000| Untracked 
| 118|0x00000000e7600000, 0x00000000e7700000, 0x00000000e7700000|100%| O|  |TAMS 0x00000000e7700000, 0x00000000e7600000| Untracked 
| 119|0x00000000e7700000, 0x00000000e7700000, 0x00000000e7800000|  0%| F|  |TAMS 0x00000000e7700000, 0x00000000e7700000| Untracked 
| 120|0x00000000e7800000, 0x00000000e7900000, 0x00000000e7900000|100%| O|  |TAMS 0x00000000e7900000, 0x00000000e7800000| Untracked 
| 121|0x00000000e7900000, 0x00000000e79ffff8, 0x00000000e7a00000| 99%| O|  |TAMS 0x00000000e7900000, 0x00000000e7900000| Untracked 
| 122|0x00000000e7a00000, 0x00000000e7b00000, 0x00000000e7b00000|100%| O|  |TAMS 0x00000000e7b00000, 0x00000000e7a00000| Untracked 
| 123|0x00000000e7b00000, 0x00000000e7c00000, 0x00000000e7c00000|100%| O|  |TAMS 0x00000000e7b7ec00, 0x00000000e7b00000| Untracked 
| 124|0x00000000e7c00000, 0x00000000e7cf5800, 0x00000000e7d00000| 95%| O|  |TAMS 0x00000000e7c00000, 0x00000000e7c00000| Untracked 
| 125|0x00000000e7d00000, 0x00000000e7d00000, 0x00000000e7e00000|  0%| F|  |TAMS 0x00000000e7d00000, 0x00000000e7d00000| Untracked 
| 126|0x00000000e7e00000, 0x00000000e7e00000, 0x00000000e7f00000|  0%| F|  |TAMS 0x00000000e7e00000, 0x00000000e7e00000| Untracked 
| 127|0x00000000e7f00000, 0x00000000e7f00000, 0x00000000e8000000|  0%| F|  |TAMS 0x00000000e7f00000, 0x00000000e7f00000| Untracked 
| 128|0x00000000e8000000, 0x00000000e8000000, 0x00000000e8100000|  0%| F|  |TAMS 0x00000000e8000000, 0x00000000e8000000| Untracked 
| 129|0x00000000e8100000, 0x00000000e8100000, 0x00000000e8200000|  0%| F|  |TAMS 0x00000000e8100000, 0x00000000e8100000| Untracked 
| 130|0x00000000e8200000, 0x00000000e8200000, 0x00000000e8300000|  0%| F|  |TAMS 0x00000000e8200000, 0x00000000e8200000| Untracked 
| 131|0x00000000e8300000, 0x00000000e8300000, 0x00000000e8400000|  0%| F|  |TAMS 0x00000000e8300000, 0x00000000e8300000| Untracked 
| 132|0x00000000e8400000, 0x00000000e8400000, 0x00000000e8500000|  0%| F|  |TAMS 0x00000000e8400000, 0x00000000e8400000| Untracked 
| 133|0x00000000e8500000, 0x00000000e8500000, 0x00000000e8600000|  0%| F|  |TAMS 0x00000000e8500000, 0x00000000e8500000| Untracked 
| 134|0x00000000e8600000, 0x00000000e8600000, 0x00000000e8700000|  0%| F|  |TAMS 0x00000000e8600000, 0x00000000e8600000| Untracked 
| 135|0x00000000e8700000, 0x00000000e8700000, 0x00000000e8800000|  0%| F|  |TAMS 0x00000000e8700000, 0x00000000e8700000| Untracked 
| 136|0x00000000e8800000, 0x00000000e8800000, 0x00000000e8900000|  0%| F|  |TAMS 0x00000000e8800000, 0x00000000e8800000| Untracked 
| 137|0x00000000e8900000, 0x00000000e8900000, 0x00000000e8a00000|  0%| F|  |TAMS 0x00000000e8900000, 0x00000000e8900000| Untracked 
| 138|0x00000000e8a00000, 0x00000000e8a00000, 0x00000000e8b00000|  0%| F|  |TAMS 0x00000000e8a00000, 0x00000000e8a00000| Untracked 
| 139|0x00000000e8b00000, 0x00000000e8b00000, 0x00000000e8c00000|  0%| F|  |TAMS 0x00000000e8b00000, 0x00000000e8b00000| Untracked 
| 140|0x00000000e8c00000, 0x00000000e8c00000, 0x00000000e8d00000|  0%| F|  |TAMS 0x00000000e8c00000, 0x00000000e8c00000| Untracked 
| 141|0x00000000e8d00000, 0x00000000e8d00000, 0x00000000e8e00000|  0%| F|  |TAMS 0x00000000e8d00000, 0x00000000e8d00000| Untracked 
| 142|0x00000000e8e00000, 0x00000000e8e00000, 0x00000000e8f00000|  0%| F|  |TAMS 0x00000000e8e00000, 0x00000000e8e00000| Untracked 
| 143|0x00000000e8f00000, 0x00000000e8f00000, 0x00000000e9000000|  0%| F|  |TAMS 0x00000000e8f00000, 0x00000000e8f00000| Untracked 
| 144|0x00000000e9000000, 0x00000000e9000000, 0x00000000e9100000|  0%| F|  |TAMS 0x00000000e9000000, 0x00000000e9000000| Untracked 
| 145|0x00000000e9100000, 0x00000000e9100000, 0x00000000e9200000|  0%| F|  |TAMS 0x00000000e9100000, 0x00000000e9100000| Untracked 
| 146|0x00000000e9200000, 0x00000000e9200000, 0x00000000e9300000|  0%| F|  |TAMS 0x00000000e9200000, 0x00000000e9200000| Untracked 
| 147|0x00000000e9300000, 0x00000000e9300000, 0x00000000e9400000|  0%| F|  |TAMS 0x00000000e9300000, 0x00000000e9300000| Untracked 
| 148|0x00000000e9400000, 0x00000000e9400000, 0x00000000e9500000|  0%| F|  |TAMS 0x00000000e9400000, 0x00000000e9400000| Untracked 
| 149|0x00000000e9500000, 0x00000000e9500000, 0x00000000e9600000|  0%| F|  |TAMS 0x00000000e9500000, 0x00000000e9500000| Untracked 
| 150|0x00000000e9600000, 0x00000000e9600000, 0x00000000e9700000|  0%| F|  |TAMS 0x00000000e9600000, 0x00000000e9600000| Untracked 
| 151|0x00000000e9700000, 0x00000000e9700000, 0x00000000e9800000|  0%| F|  |TAMS 0x00000000e9700000, 0x00000000e9700000| Untracked 
| 152|0x00000000e9800000, 0x00000000e9800000, 0x00000000e9900000|  0%| F|  |TAMS 0x00000000e9800000, 0x00000000e9800000| Untracked 
| 153|0x00000000e9900000, 0x00000000e9900000, 0x00000000e9a00000|  0%| F|  |TAMS 0x00000000e9900000, 0x00000000e9900000| Untracked 
| 154|0x00000000e9a00000, 0x00000000e9a00000, 0x00000000e9b00000|  0%| F|  |TAMS 0x00000000e9a00000, 0x00000000e9a00000| Untracked 
| 155|0x00000000e9b00000, 0x00000000e9b00000, 0x00000000e9c00000|  0%| F|  |TAMS 0x00000000e9b00000, 0x00000000e9b00000| Untracked 
| 156|0x00000000e9c00000, 0x00000000e9c00000, 0x00000000e9d00000|  0%| F|  |TAMS 0x00000000e9c00000, 0x00000000e9c00000| Untracked 
| 157|0x00000000e9d00000, 0x00000000e9d00000, 0x00000000e9e00000|  0%| F|  |TAMS 0x00000000e9d00000, 0x00000000e9d00000| Untracked 
| 158|0x00000000e9e00000, 0x00000000e9e00000, 0x00000000e9f00000|  0%| F|  |TAMS 0x00000000e9e00000, 0x00000000e9e00000| Untracked 
| 159|0x00000000e9f00000, 0x00000000e9f00000, 0x00000000ea000000|  0%| F|  |TAMS 0x00000000e9f00000, 0x00000000e9f00000| Untracked 
| 160|0x00000000ea000000, 0x00000000ea000000, 0x00000000ea100000|  0%| F|  |TAMS 0x00000000ea000000, 0x00000000ea000000| Untracked 
| 161|0x00000000ea100000, 0x00000000ea100000, 0x00000000ea200000|  0%| F|  |TAMS 0x00000000ea100000, 0x00000000ea100000| Untracked 
| 162|0x00000000ea200000, 0x00000000ea200000, 0x00000000ea300000|  0%| F|  |TAMS 0x00000000ea200000, 0x00000000ea200000| Untracked 
| 163|0x00000000ea300000, 0x00000000ea300000, 0x00000000ea400000|  0%| F|  |TAMS 0x00000000ea300000, 0x00000000ea300000| Untracked 
| 164|0x00000000ea400000, 0x00000000ea400000, 0x00000000ea500000|  0%| F|  |TAMS 0x00000000ea400000, 0x00000000ea400000| Untracked 
| 165|0x00000000ea500000, 0x00000000ea500000, 0x00000000ea600000|  0%| F|  |TAMS 0x00000000ea500000, 0x00000000ea500000| Untracked 
| 166|0x00000000ea600000, 0x00000000ea600000, 0x00000000ea700000|  0%| F|  |TAMS 0x00000000ea600000, 0x00000000ea600000| Untracked 
| 167|0x00000000ea700000, 0x00000000ea700000, 0x00000000ea800000|  0%| F|  |TAMS 0x00000000ea700000, 0x00000000ea700000| Untracked 
| 168|0x00000000ea800000, 0x00000000ea800000, 0x00000000ea900000|  0%| F|  |TAMS 0x00000000ea800000, 0x00000000ea800000| Untracked 
| 169|0x00000000ea900000, 0x00000000ea900000, 0x00000000eaa00000|  0%| F|  |TAMS 0x00000000ea900000, 0x00000000ea900000| Untracked 
| 170|0x00000000eaa00000, 0x00000000eaa00000, 0x00000000eab00000|  0%| F|  |TAMS 0x00000000eaa00000, 0x00000000eaa00000| Untracked 
| 171|0x00000000eab00000, 0x00000000eab00000, 0x00000000eac00000|  0%| F|  |TAMS 0x00000000eab00000, 0x00000000eab00000| Untracked 
| 172|0x00000000eac00000, 0x00000000eac00000, 0x00000000ead00000|  0%| F|  |TAMS 0x00000000eac00000, 0x00000000eac00000| Untracked 
| 173|0x00000000ead00000, 0x00000000ead00000, 0x00000000eae00000|  0%| F|  |TAMS 0x00000000ead00000, 0x00000000ead00000| Untracked 
| 174|0x00000000eae00000, 0x00000000eae00000, 0x00000000eaf00000|  0%| F|  |TAMS 0x00000000eae00000, 0x00000000eae00000| Untracked 
| 175|0x00000000eaf00000, 0x00000000eaf00000, 0x00000000eb000000|  0%| F|  |TAMS 0x00000000eaf00000, 0x00000000eaf00000| Untracked 
| 176|0x00000000eb000000, 0x00000000eb000000, 0x00000000eb100000|  0%| F|  |TAMS 0x00000000eb000000, 0x00000000eb000000| Untracked 
| 177|0x00000000eb100000, 0x00000000eb100000, 0x00000000eb200000|  0%| F|  |TAMS 0x00000000eb100000, 0x00000000eb100000| Untracked 
| 178|0x00000000eb200000, 0x00000000eb300000, 0x00000000eb300000|100%| O|  |TAMS 0x00000000eb300000, 0x00000000eb200000| Untracked 
| 179|0x00000000eb300000, 0x00000000eb300000, 0x00000000eb400000|  0%| F|  |TAMS 0x00000000eb300000, 0x00000000eb300000| Untracked 
| 180|0x00000000eb400000, 0x00000000eb400000, 0x00000000eb500000|  0%| F|  |TAMS 0x00000000eb400000, 0x00000000eb400000| Untracked 
| 181|0x00000000eb500000, 0x00000000eb500000, 0x00000000eb600000|  0%| F|  |TAMS 0x00000000eb500000, 0x00000000eb500000| Untracked 
| 182|0x00000000eb600000, 0x00000000eb600000, 0x00000000eb700000|  0%| F|  |TAMS 0x00000000eb600000, 0x00000000eb600000| Untracked 
| 183|0x00000000eb700000, 0x00000000eb700000, 0x00000000eb800000|  0%| F|  |TAMS 0x00000000eb700000, 0x00000000eb700000| Untracked 
| 184|0x00000000eb800000, 0x00000000eb800000, 0x00000000eb900000|  0%| F|  |TAMS 0x00000000eb800000, 0x00000000eb800000| Untracked 
| 185|0x00000000eb900000, 0x00000000eb900000, 0x00000000eba00000|  0%| F|  |TAMS 0x00000000eb900000, 0x00000000eb900000| Untracked 
| 186|0x00000000eba00000, 0x00000000eba00000, 0x00000000ebb00000|  0%| F|  |TAMS 0x00000000eba00000, 0x00000000eba00000| Untracked 
| 187|0x00000000ebb00000, 0x00000000ebb00000, 0x00000000ebc00000|  0%| F|  |TAMS 0x00000000ebb00000, 0x00000000ebb00000| Untracked 
| 188|0x00000000ebc00000, 0x00000000ebc00000, 0x00000000ebd00000|  0%| F|  |TAMS 0x00000000ebc00000, 0x00000000ebc00000| Untracked 
| 189|0x00000000ebd00000, 0x00000000ebd00000, 0x00000000ebe00000|  0%| F|  |TAMS 0x00000000ebd00000, 0x00000000ebd00000| Untracked 
| 190|0x00000000ebe00000, 0x00000000ebe00000, 0x00000000ebf00000|  0%| F|  |TAMS 0x00000000ebe00000, 0x00000000ebe00000| Untracked 
| 191|0x00000000ebf00000, 0x00000000ebf00000, 0x00000000ec000000|  0%| F|  |TAMS 0x00000000ebf00000, 0x00000000ebf00000| Untracked 
| 192|0x00000000ec000000, 0x00000000ec000000, 0x00000000ec100000|  0%| F|  |TAMS 0x00000000ec000000, 0x00000000ec000000| Untracked 
| 193|0x00000000ec100000, 0x00000000ec100000, 0x00000000ec200000|  0%| F|  |TAMS 0x00000000ec100000, 0x00000000ec100000| Untracked 
| 194|0x00000000ec200000, 0x00000000ec200000, 0x00000000ec300000|  0%| F|  |TAMS 0x00000000ec200000, 0x00000000ec200000| Untracked 
| 195|0x00000000ec300000, 0x00000000ec300000, 0x00000000ec400000|  0%| F|  |TAMS 0x00000000ec300000, 0x00000000ec300000| Untracked 
| 196|0x00000000ec400000, 0x00000000ec400000, 0x00000000ec500000|  0%| F|  |TAMS 0x00000000ec400000, 0x00000000ec400000| Untracked 
| 197|0x00000000ec500000, 0x00000000ec500000, 0x00000000ec600000|  0%| F|  |TAMS 0x00000000ec500000, 0x00000000ec500000| Untracked 
| 198|0x00000000ec600000, 0x00000000ec600000, 0x00000000ec700000|  0%| F|  |TAMS 0x00000000ec600000, 0x00000000ec600000| Untracked 
| 199|0x00000000ec700000, 0x00000000ec700000, 0x00000000ec800000|  0%| F|  |TAMS 0x00000000ec700000, 0x00000000ec700000| Untracked 
| 200|0x00000000ec800000, 0x00000000ec800000, 0x00000000ec900000|  0%| F|  |TAMS 0x00000000ec800000, 0x00000000ec800000| Untracked 
| 201|0x00000000ec900000, 0x00000000ec900000, 0x00000000eca00000|  0%| F|  |TAMS 0x00000000ec900000, 0x00000000ec900000| Untracked 
| 202|0x00000000eca00000, 0x00000000eca00000, 0x00000000ecb00000|  0%| F|  |TAMS 0x00000000eca00000, 0x00000000eca00000| Untracked 
| 203|0x00000000ecb00000, 0x00000000ecb00000, 0x00000000ecc00000|  0%| F|  |TAMS 0x00000000ecb00000, 0x00000000ecb00000| Untracked 
| 204|0x00000000ecc00000, 0x00000000ecc00000, 0x00000000ecd00000|  0%| F|  |TAMS 0x00000000ecc00000, 0x00000000ecc00000| Untracked 
| 205|0x00000000ecd00000, 0x00000000ecd00000, 0x00000000ece00000|  0%| F|  |TAMS 0x00000000ecd00000, 0x00000000ecd00000| Untracked 
| 206|0x00000000ece00000, 0x00000000ece00000, 0x00000000ecf00000|  0%| F|  |TAMS 0x00000000ece00000, 0x00000000ece00000| Untracked 
| 207|0x00000000ecf00000, 0x00000000ecf00000, 0x00000000ed000000|  0%| F|  |TAMS 0x00000000ecf00000, 0x00000000ecf00000| Untracked 
| 208|0x00000000ed000000, 0x00000000ed000000, 0x00000000ed100000|  0%| F|  |TAMS 0x00000000ed000000, 0x00000000ed000000| Untracked 
| 209|0x00000000ed100000, 0x00000000ed100000, 0x00000000ed200000|  0%| F|  |TAMS 0x00000000ed100000, 0x00000000ed100000| Untracked 
| 210|0x00000000ed200000, 0x00000000ed200000, 0x00000000ed300000|  0%| F|  |TAMS 0x00000000ed200000, 0x00000000ed200000| Untracked 
| 211|0x00000000ed300000, 0x00000000ed300000, 0x00000000ed400000|  0%| F|  |TAMS 0x00000000ed300000, 0x00000000ed300000| Untracked 
| 212|0x00000000ed400000, 0x00000000ed400000, 0x00000000ed500000|  0%| F|  |TAMS 0x00000000ed400000, 0x00000000ed400000| Untracked 
| 213|0x00000000ed500000, 0x00000000ed500000, 0x00000000ed600000|  0%| F|  |TAMS 0x00000000ed500000, 0x00000000ed500000| Untracked 
| 214|0x00000000ed600000, 0x00000000ed600000, 0x00000000ed700000|  0%| F|  |TAMS 0x00000000ed600000, 0x00000000ed600000| Untracked 
| 215|0x00000000ed700000, 0x00000000ed700000, 0x00000000ed800000|  0%| F|  |TAMS 0x00000000ed700000, 0x00000000ed700000| Untracked 
| 216|0x00000000ed800000, 0x00000000ed800000, 0x00000000ed900000|  0%| F|  |TAMS 0x00000000ed800000, 0x00000000ed800000| Untracked 
| 217|0x00000000ed900000, 0x00000000ed900000, 0x00000000eda00000|  0%| F|  |TAMS 0x00000000ed900000, 0x00000000ed900000| Untracked 
| 218|0x00000000eda00000, 0x00000000eda00000, 0x00000000edb00000|  0%| F|  |TAMS 0x00000000eda00000, 0x00000000eda00000| Untracked 
| 219|0x00000000edb00000, 0x00000000edb00000, 0x00000000edc00000|  0%| F|  |TAMS 0x00000000edb00000, 0x00000000edb00000| Untracked 
| 220|0x00000000edc00000, 0x00000000edc00000, 0x00000000edd00000|  0%| F|  |TAMS 0x00000000edc00000, 0x00000000edc00000| Untracked 
| 221|0x00000000edd00000, 0x00000000edd00000, 0x00000000ede00000|  0%| F|  |TAMS 0x00000000edd00000, 0x00000000edd00000| Untracked 
| 222|0x00000000ede00000, 0x00000000ede00000, 0x00000000edf00000|  0%| F|  |TAMS 0x00000000ede00000, 0x00000000ede00000| Untracked 
| 223|0x00000000edf00000, 0x00000000edf00000, 0x00000000ee000000|  0%| F|  |TAMS 0x00000000edf00000, 0x00000000edf00000| Untracked 
| 224|0x00000000ee000000, 0x00000000ee000000, 0x00000000ee100000|  0%| F|  |TAMS 0x00000000ee000000, 0x00000000ee000000| Untracked 
| 225|0x00000000ee100000, 0x00000000ee100000, 0x00000000ee200000|  0%| F|  |TAMS 0x00000000ee100000, 0x00000000ee100000| Untracked 
| 226|0x00000000ee200000, 0x00000000ee200000, 0x00000000ee300000|  0%| F|  |TAMS 0x00000000ee200000, 0x00000000ee200000| Untracked 
| 227|0x00000000ee300000, 0x00000000ee300000, 0x00000000ee400000|  0%| F|  |TAMS 0x00000000ee300000, 0x00000000ee300000| Untracked 
| 228|0x00000000ee400000, 0x00000000ee400000, 0x00000000ee500000|  0%| F|  |TAMS 0x00000000ee400000, 0x00000000ee400000| Untracked 
| 229|0x00000000ee500000, 0x00000000ee500000, 0x00000000ee600000|  0%| F|  |TAMS 0x00000000ee500000, 0x00000000ee500000| Untracked 
| 230|0x00000000ee600000, 0x00000000ee600000, 0x00000000ee700000|  0%| F|  |TAMS 0x00000000ee600000, 0x00000000ee600000| Untracked 
| 231|0x00000000ee700000, 0x00000000ee700000, 0x00000000ee800000|  0%| F|  |TAMS 0x00000000ee700000, 0x00000000ee700000| Untracked 
| 232|0x00000000ee800000, 0x00000000ee800000, 0x00000000ee900000|  0%| F|  |TAMS 0x00000000ee800000, 0x00000000ee800000| Untracked 
| 233|0x00000000ee900000, 0x00000000ee900000, 0x00000000eea00000|  0%| F|  |TAMS 0x00000000ee900000, 0x00000000ee900000| Untracked 
| 234|0x00000000eea00000, 0x00000000eea00000, 0x00000000eeb00000|  0%| F|  |TAMS 0x00000000eea00000, 0x00000000eea00000| Untracked 
| 235|0x00000000eeb00000, 0x00000000eeb00000, 0x00000000eec00000|  0%| F|  |TAMS 0x00000000eeb00000, 0x00000000eeb00000| Untracked 
| 236|0x00000000eec00000, 0x00000000eec00000, 0x00000000eed00000|  0%| F|  |TAMS 0x00000000eec00000, 0x00000000eec00000| Untracked 
| 237|0x00000000eed00000, 0x00000000eed00000, 0x00000000eee00000|  0%| F|  |TAMS 0x00000000eed00000, 0x00000000eed00000| Untracked 
| 238|0x00000000eee00000, 0x00000000eee00000, 0x00000000eef00000|  0%| F|  |TAMS 0x00000000eee00000, 0x00000000eee00000| Untracked 
| 239|0x00000000eef00000, 0x00000000eef00000, 0x00000000ef000000|  0%| F|  |TAMS 0x00000000eef00000, 0x00000000eef00000| Untracked 
| 240|0x00000000ef000000, 0x00000000ef000000, 0x00000000ef100000|  0%| F|  |TAMS 0x00000000ef000000, 0x00000000ef000000| Untracked 
| 241|0x00000000ef100000, 0x00000000ef100000, 0x00000000ef200000|  0%| F|  |TAMS 0x00000000ef100000, 0x00000000ef100000| Untracked 
| 242|0x00000000ef200000, 0x00000000ef200000, 0x00000000ef300000|  0%| F|  |TAMS 0x00000000ef200000, 0x00000000ef200000| Untracked 
| 243|0x00000000ef300000, 0x00000000ef3e3390, 0x00000000ef400000| 88%| E|  |TAMS 0x00000000ef300000, 0x00000000ef300000| Complete 
| 244|0x00000000ef400000, 0x00000000ef500000, 0x00000000ef500000|100%| E|CS|TAMS 0x00000000ef400000, 0x00000000ef400000| Complete 
| 245|0x00000000ef500000, 0x00000000ef600000, 0x00000000ef600000|100%| E|CS|TAMS 0x00000000ef500000, 0x00000000ef500000| Complete 
| 246|0x00000000ef600000, 0x00000000ef700000, 0x00000000ef700000|100%|HS|  |TAMS 0x00000000ef700000, 0x00000000ef600000| Complete 
| 247|0x00000000ef700000, 0x00000000ef800000, 0x00000000ef800000|100%|HC|  |TAMS 0x00000000ef800000, 0x00000000ef700000| Complete 
| 248|0x00000000ef800000, 0x00000000ef900000, 0x00000000ef900000|100%| E|CS|TAMS 0x00000000ef800000, 0x00000000ef800000| Complete 
| 249|0x00000000ef900000, 0x00000000efa00000, 0x00000000efa00000|100%| E|CS|TAMS 0x00000000ef900000, 0x00000000ef900000| Complete 
| 250|0x00000000efa00000, 0x00000000efb00000, 0x00000000efb00000|100%| E|CS|TAMS 0x00000000efa00000, 0x00000000efa00000| Complete 
| 251|0x00000000efb00000, 0x00000000efc00000, 0x00000000efc00000|100%| E|CS|TAMS 0x00000000efb00000, 0x00000000efb00000| Complete 
| 252|0x00000000efc00000, 0x00000000efd00000, 0x00000000efd00000|100%| E|CS|TAMS 0x00000000efc00000, 0x00000000efc00000| Complete 
| 253|0x00000000efd00000, 0x00000000efe00000, 0x00000000efe00000|100%| E|CS|TAMS 0x00000000efd00000, 0x00000000efd00000| Complete 
| 254|0x00000000efe00000, 0x00000000eff00000, 0x00000000eff00000|100%| E|CS|TAMS 0x00000000efe00000, 0x00000000efe00000| Complete 
| 255|0x00000000eff00000, 0x00000000f0000000, 0x00000000f0000000|100%| E|CS|TAMS 0x00000000eff00000, 0x00000000eff00000| Complete 
| 256|0x00000000f0000000, 0x00000000f0100000, 0x00000000f0100000|100%| E|CS|TAMS 0x00000000f0000000, 0x00000000f0000000| Complete 
| 257|0x00000000f0100000, 0x00000000f0200000, 0x00000000f0200000|100%| E|CS|TAMS 0x00000000f0100000, 0x00000000f0100000| Complete 
| 258|0x00000000f0200000, 0x00000000f0300000, 0x00000000f0300000|100%| E|CS|TAMS 0x00000000f0200000, 0x00000000f0200000| Complete 
| 259|0x00000000f0300000, 0x00000000f0400000, 0x00000000f0400000|100%| E|CS|TAMS 0x00000000f0300000, 0x00000000f0300000| Complete 
| 260|0x00000000f0400000, 0x00000000f0500000, 0x00000000f0500000|100%| E|CS|TAMS 0x00000000f0400000, 0x00000000f0400000| Complete 
| 261|0x00000000f0500000, 0x00000000f0600000, 0x00000000f0600000|100%| E|CS|TAMS 0x00000000f0500000, 0x00000000f0500000| Complete 
| 262|0x00000000f0600000, 0x00000000f0700000, 0x00000000f0700000|100%| E|CS|TAMS 0x00000000f0600000, 0x00000000f0600000| Complete 
| 263|0x00000000f0700000, 0x00000000f0800000, 0x00000000f0800000|100%| E|CS|TAMS 0x00000000f0700000, 0x00000000f0700000| Complete 
| 264|0x00000000f0800000, 0x00000000f0900000, 0x00000000f0900000|100%| E|CS|TAMS 0x00000000f0800000, 0x00000000f0800000| Complete 
| 265|0x00000000f0900000, 0x00000000f0a00000, 0x00000000f0a00000|100%| E|CS|TAMS 0x00000000f0900000, 0x00000000f0900000| Complete 
| 266|0x00000000f0a00000, 0x00000000f0b00000, 0x00000000f0b00000|100%| E|CS|TAMS 0x00000000f0a00000, 0x00000000f0a00000| Complete 
| 267|0x00000000f0b00000, 0x00000000f0c00000, 0x00000000f0c00000|100%| E|CS|TAMS 0x00000000f0b00000, 0x00000000f0b00000| Complete 
| 268|0x00000000f0c00000, 0x00000000f0d00000, 0x00000000f0d00000|100%| E|CS|TAMS 0x00000000f0c00000, 0x00000000f0c00000| Complete 
| 269|0x00000000f0d00000, 0x00000000f0e00000, 0x00000000f0e00000|100%| E|CS|TAMS 0x00000000f0d00000, 0x00000000f0d00000| Complete 
| 270|0x00000000f0e00000, 0x00000000f0f00000, 0x00000000f0f00000|100%| E|CS|TAMS 0x00000000f0e00000, 0x00000000f0e00000| Complete 
| 271|0x00000000f0f00000, 0x00000000f1000000, 0x00000000f1000000|100%| E|CS|TAMS 0x00000000f0f00000, 0x00000000f0f00000| Complete 
| 272|0x00000000f1000000, 0x00000000f1100000, 0x00000000f1100000|100%| E|CS|TAMS 0x00000000f1000000, 0x00000000f1000000| Complete 
| 273|0x00000000f1100000, 0x00000000f1200000, 0x00000000f1200000|100%| E|CS|TAMS 0x00000000f1100000, 0x00000000f1100000| Complete 
| 274|0x00000000f1200000, 0x00000000f1300000, 0x00000000f1300000|100%| E|CS|TAMS 0x00000000f1200000, 0x00000000f1200000| Complete 
| 275|0x00000000f1300000, 0x00000000f1400000, 0x00000000f1400000|100%| E|CS|TAMS 0x00000000f1300000, 0x00000000f1300000| Complete 
| 276|0x00000000f1400000, 0x00000000f1500000, 0x00000000f1500000|100%| E|CS|TAMS 0x00000000f1400000, 0x00000000f1400000| Complete 
| 277|0x00000000f1500000, 0x00000000f1600000, 0x00000000f1600000|100%| E|CS|TAMS 0x00000000f1500000, 0x00000000f1500000| Complete 
| 278|0x00000000f1600000, 0x00000000f1700000, 0x00000000f1700000|100%| E|CS|TAMS 0x00000000f1600000, 0x00000000f1600000| Complete 
| 279|0x00000000f1700000, 0x00000000f1800000, 0x00000000f1800000|100%| E|CS|TAMS 0x00000000f1700000, 0x00000000f1700000| Complete 
| 280|0x00000000f1800000, 0x00000000f1900000, 0x00000000f1900000|100%| E|CS|TAMS 0x00000000f1800000, 0x00000000f1800000| Complete 
| 281|0x00000000f1900000, 0x00000000f1a00000, 0x00000000f1a00000|100%| E|CS|TAMS 0x00000000f1900000, 0x00000000f1900000| Complete 
| 282|0x00000000f1a00000, 0x00000000f1b00000, 0x00000000f1b00000|100%| E|CS|TAMS 0x00000000f1a00000, 0x00000000f1a00000| Complete 
| 283|0x00000000f1b00000, 0x00000000f1c00000, 0x00000000f1c00000|100%| E|CS|TAMS 0x00000000f1b00000, 0x00000000f1b00000| Complete 
| 284|0x00000000f1c00000, 0x00000000f1d00000, 0x00000000f1d00000|100%| E|CS|TAMS 0x00000000f1c00000, 0x00000000f1c00000| Complete 
| 285|0x00000000f1d00000, 0x00000000f1e00000, 0x00000000f1e00000|100%| E|CS|TAMS 0x00000000f1d00000, 0x00000000f1d00000| Complete 
| 286|0x00000000f1e00000, 0x00000000f1f00000, 0x00000000f1f00000|100%| E|CS|TAMS 0x00000000f1e00000, 0x00000000f1e00000| Complete 
| 287|0x00000000f1f00000, 0x00000000f2000000, 0x00000000f2000000|100%| E|CS|TAMS 0x00000000f1f00000, 0x00000000f1f00000| Complete 
| 288|0x00000000f2000000, 0x00000000f2100000, 0x00000000f2100000|100%| E|CS|TAMS 0x00000000f2000000, 0x00000000f2000000| Complete 
| 289|0x00000000f2100000, 0x00000000f2200000, 0x00000000f2200000|100%| E|CS|TAMS 0x00000000f2100000, 0x00000000f2100000| Complete 
| 290|0x00000000f2200000, 0x00000000f2300000, 0x00000000f2300000|100%| E|CS|TAMS 0x00000000f2200000, 0x00000000f2200000| Complete 
| 291|0x00000000f2300000, 0x00000000f2400000, 0x00000000f2400000|100%| E|CS|TAMS 0x00000000f2300000, 0x00000000f2300000| Complete 
| 292|0x00000000f2400000, 0x00000000f2500000, 0x00000000f2500000|100%| E|CS|TAMS 0x00000000f2400000, 0x00000000f2400000| Complete 
| 293|0x00000000f2500000, 0x00000000f2600000, 0x00000000f2600000|100%| E|CS|TAMS 0x00000000f2500000, 0x00000000f2500000| Complete 
| 294|0x00000000f2600000, 0x00000000f2700000, 0x00000000f2700000|100%| E|CS|TAMS 0x00000000f2600000, 0x00000000f2600000| Complete 
| 295|0x00000000f2700000, 0x00000000f2800000, 0x00000000f2800000|100%| E|CS|TAMS 0x00000000f2700000, 0x00000000f2700000| Complete 
| 296|0x00000000f2800000, 0x00000000f2900000, 0x00000000f2900000|100%| E|CS|TAMS 0x00000000f2800000, 0x00000000f2800000| Complete 
| 297|0x00000000f2900000, 0x00000000f2a00000, 0x00000000f2a00000|100%| E|CS|TAMS 0x00000000f2900000, 0x00000000f2900000| Complete 
| 298|0x00000000f2a00000, 0x00000000f2b00000, 0x00000000f2b00000|100%| E|CS|TAMS 0x00000000f2a00000, 0x00000000f2a00000| Complete 
| 299|0x00000000f2b00000, 0x00000000f2c00000, 0x00000000f2c00000|100%| E|CS|TAMS 0x00000000f2b00000, 0x00000000f2b00000| Complete 
| 300|0x00000000f2c00000, 0x00000000f2d00000, 0x00000000f2d00000|100%| E|CS|TAMS 0x00000000f2c00000, 0x00000000f2c00000| Complete 
| 301|0x00000000f2d00000, 0x00000000f2e00000, 0x00000000f2e00000|100%| E|CS|TAMS 0x00000000f2d00000, 0x00000000f2d00000| Complete 
| 302|0x00000000f2e00000, 0x00000000f2f00000, 0x00000000f2f00000|100%| E|CS|TAMS 0x00000000f2e00000, 0x00000000f2e00000| Complete 
| 303|0x00000000f2f00000, 0x00000000f3000000, 0x00000000f3000000|100%| E|CS|TAMS 0x00000000f2f00000, 0x00000000f2f00000| Complete 
| 304|0x00000000f3000000, 0x00000000f3100000, 0x00000000f3100000|100%| E|CS|TAMS 0x00000000f3000000, 0x00000000f3000000| Complete 
| 305|0x00000000f3100000, 0x00000000f3200000, 0x00000000f3200000|100%| E|CS|TAMS 0x00000000f3100000, 0x00000000f3100000| Complete 
| 306|0x00000000f3200000, 0x00000000f3300000, 0x00000000f3300000|100%| E|CS|TAMS 0x00000000f3200000, 0x00000000f3200000| Complete 
| 307|0x00000000f3300000, 0x00000000f3400000, 0x00000000f3400000|100%| E|CS|TAMS 0x00000000f3300000, 0x00000000f3300000| Complete 
| 308|0x00000000f3400000, 0x00000000f3500000, 0x00000000f3500000|100%| E|CS|TAMS 0x00000000f3400000, 0x00000000f3400000| Complete 
| 309|0x00000000f3500000, 0x00000000f3600000, 0x00000000f3600000|100%| E|CS|TAMS 0x00000000f3500000, 0x00000000f3500000| Complete 
| 310|0x00000000f3600000, 0x00000000f3700000, 0x00000000f3700000|100%| E|CS|TAMS 0x00000000f3600000, 0x00000000f3600000| Complete 
| 311|0x00000000f3700000, 0x00000000f3800000, 0x00000000f3800000|100%| E|CS|TAMS 0x00000000f3700000, 0x00000000f3700000| Complete 
| 312|0x00000000f3800000, 0x00000000f3900000, 0x00000000f3900000|100%| E|CS|TAMS 0x00000000f3800000, 0x00000000f3800000| Complete 
| 313|0x00000000f3900000, 0x00000000f3a00000, 0x00000000f3a00000|100%| E|CS|TAMS 0x00000000f3900000, 0x00000000f3900000| Complete 
| 314|0x00000000f3a00000, 0x00000000f3b00000, 0x00000000f3b00000|100%| E|CS|TAMS 0x00000000f3a00000, 0x00000000f3a00000| Complete 
| 315|0x00000000f3b00000, 0x00000000f3c00000, 0x00000000f3c00000|100%| E|CS|TAMS 0x00000000f3b00000, 0x00000000f3b00000| Complete 
| 316|0x00000000f3c00000, 0x00000000f3d00000, 0x00000000f3d00000|100%| E|CS|TAMS 0x00000000f3c00000, 0x00000000f3c00000| Complete 
| 317|0x00000000f3d00000, 0x00000000f3e00000, 0x00000000f3e00000|100%| E|CS|TAMS 0x00000000f3d00000, 0x00000000f3d00000| Complete 
| 318|0x00000000f3e00000, 0x00000000f3f00000, 0x00000000f3f00000|100%| E|CS|TAMS 0x00000000f3e00000, 0x00000000f3e00000| Complete 
| 319|0x00000000f3f00000, 0x00000000f4000000, 0x00000000f4000000|100%| E|CS|TAMS 0x00000000f3f00000, 0x00000000f3f00000| Complete 
| 320|0x00000000f4000000, 0x00000000f4100000, 0x00000000f4100000|100%| E|CS|TAMS 0x00000000f4000000, 0x00000000f4000000| Complete 
| 321|0x00000000f4100000, 0x00000000f4200000, 0x00000000f4200000|100%| E|CS|TAMS 0x00000000f4100000, 0x00000000f4100000| Complete 
| 322|0x00000000f4200000, 0x00000000f4300000, 0x00000000f4300000|100%| E|CS|TAMS 0x00000000f4200000, 0x00000000f4200000| Complete 
| 323|0x00000000f4300000, 0x00000000f4400000, 0x00000000f4400000|100%| E|CS|TAMS 0x00000000f4300000, 0x00000000f4300000| Complete 
| 324|0x00000000f4400000, 0x00000000f4500000, 0x00000000f4500000|100%| E|CS|TAMS 0x00000000f4400000, 0x00000000f4400000| Complete 
| 325|0x00000000f4500000, 0x00000000f4600000, 0x00000000f4600000|100%| E|CS|TAMS 0x00000000f4500000, 0x00000000f4500000| Complete 
| 326|0x00000000f4600000, 0x00000000f4700000, 0x00000000f4700000|100%| E|CS|TAMS 0x00000000f4600000, 0x00000000f4600000| Complete 
| 327|0x00000000f4700000, 0x00000000f4800000, 0x00000000f4800000|100%| E|CS|TAMS 0x00000000f4700000, 0x00000000f4700000| Complete 
| 328|0x00000000f4800000, 0x00000000f4900000, 0x00000000f4900000|100%| E|CS|TAMS 0x00000000f4800000, 0x00000000f4800000| Complete 
| 329|0x00000000f4900000, 0x00000000f4a00000, 0x00000000f4a00000|100%| E|CS|TAMS 0x00000000f4900000, 0x00000000f4900000| Complete 
| 330|0x00000000f4a00000, 0x00000000f4b00000, 0x00000000f4b00000|100%| E|CS|TAMS 0x00000000f4a00000, 0x00000000f4a00000| Complete 
| 331|0x00000000f4b00000, 0x00000000f4c00000, 0x00000000f4c00000|100%| E|CS|TAMS 0x00000000f4b00000, 0x00000000f4b00000| Complete 
| 332|0x00000000f4c00000, 0x00000000f4d00000, 0x00000000f4d00000|100%| E|CS|TAMS 0x00000000f4c00000, 0x00000000f4c00000| Complete 
| 333|0x00000000f4d00000, 0x00000000f4e00000, 0x00000000f4e00000|100%| E|CS|TAMS 0x00000000f4d00000, 0x00000000f4d00000| Complete 
| 334|0x00000000f4e00000, 0x00000000f4f00000, 0x00000000f4f00000|100%| E|CS|TAMS 0x00000000f4e00000, 0x00000000f4e00000| Complete 
| 335|0x00000000f4f00000, 0x00000000f5000000, 0x00000000f5000000|100%| E|CS|TAMS 0x00000000f4f00000, 0x00000000f4f00000| Complete 
| 336|0x00000000f5000000, 0x00000000f5100000, 0x00000000f5100000|100%| E|CS|TAMS 0x00000000f5000000, 0x00000000f5000000| Complete 
| 337|0x00000000f5100000, 0x00000000f5200000, 0x00000000f5200000|100%| E|CS|TAMS 0x00000000f5100000, 0x00000000f5100000| Complete 
| 338|0x00000000f5200000, 0x00000000f5300000, 0x00000000f5300000|100%| E|CS|TAMS 0x00000000f5200000, 0x00000000f5200000| Complete 
| 339|0x00000000f5300000, 0x00000000f5400000, 0x00000000f5400000|100%| E|CS|TAMS 0x00000000f5300000, 0x00000000f5300000| Complete 
| 340|0x00000000f5400000, 0x00000000f5500000, 0x00000000f5500000|100%| S|CS|TAMS 0x00000000f5400000, 0x00000000f5400000| Complete 
| 341|0x00000000f5500000, 0x00000000f5600000, 0x00000000f5600000|100%| E|CS|TAMS 0x00000000f5500000, 0x00000000f5500000| Complete 
| 342|0x00000000f5600000, 0x00000000f5700000, 0x00000000f5700000|100%| E|CS|TAMS 0x00000000f5600000, 0x00000000f5600000| Complete 
| 343|0x00000000f5700000, 0x00000000f5800000, 0x00000000f5800000|100%| E|CS|TAMS 0x00000000f5700000, 0x00000000f5700000| Complete 
| 344|0x00000000f5800000, 0x00000000f5900000, 0x00000000f5900000|100%| E|CS|TAMS 0x00000000f5800000, 0x00000000f5800000| Complete 
| 345|0x00000000f5900000, 0x00000000f5a00000, 0x00000000f5a00000|100%| E|CS|TAMS 0x00000000f5900000, 0x00000000f5900000| Complete 
| 346|0x00000000f5a00000, 0x00000000f5b00000, 0x00000000f5b00000|100%| E|CS|TAMS 0x00000000f5a00000, 0x00000000f5a00000| Complete 
| 347|0x00000000f5b00000, 0x00000000f5c00000, 0x00000000f5c00000|100%| E|CS|TAMS 0x00000000f5b00000, 0x00000000f5b00000| Complete 
| 348|0x00000000f5c00000, 0x00000000f5d00000, 0x00000000f5d00000|100%| E|CS|TAMS 0x00000000f5c00000, 0x00000000f5c00000| Complete 

Card table byte_map: [0x00000239c8a00000,0x00000239c8b00000] _byte_map_base: 0x00000239c8300000

Marking Bits (Prev, Next): (CMBitMap*) 0x00000239b17eed50, (CMBitMap*) 0x00000239b17eed90
 Prev Bits: [0x00000239c8c00000, 0x00000239c9400000)
 Next Bits: [0x00000239c9400000, 0x00000239c9c00000)

Polling page: 0x00000239af730000

Metaspace:

Usage:
  Non-class:    128.72 MB capacity,   127.53 MB (>99%) used,  1013.30 KB ( <1%) free+waste,   203.69 KB ( <1%) overhead. 
      Class:     18.82 MB capacity,    18.20 MB ( 97%) used,   559.26 KB (  3%) free+waste,    77.75 KB ( <1%) overhead. 
       Both:    147.54 MB capacity,   145.73 MB ( 99%) used,     1.54 MB (  1%) free+waste,   281.44 KB ( <1%) overhead. 

Virtual space:
  Non-class space:      130.00 MB reserved,     129.33 MB (>99%) committed 
      Class space:      248.00 MB reserved,      18.95 MB (  8%) committed 
             Both:      378.00 MB reserved,     148.28 MB ( 39%) committed 

Chunk freelists:
   Non-Class:  492.00 KB
       Class:  88.00 KB
        Both:  580.00 KB

MaxMetaspaceSize: 256.00 MB
CompressedClassSpaceSize: 248.00 MB

CodeHeap 'non-profiled nmethods': size=120000Kb used=14899Kb max_used=14899Kb free=105100Kb
 bounds [0x00000239c14d0000, 0x00000239c2360000, 0x00000239c8a00000]
CodeHeap 'profiled nmethods': size=120000Kb used=37752Kb max_used=38449Kb free=82247Kb
 bounds [0x00000239b9fa0000, 0x00000239bc530000, 0x00000239c14d0000]
CodeHeap 'non-nmethods': size=5760Kb used=2455Kb max_used=2517Kb free=3305Kb
 bounds [0x00000239b9a00000, 0x00000239b9c80000, 0x00000239b9fa0000]
 total_blobs=19958 nmethods=19001 adapters=867
 compilation: enabled
              stopped_count=0, restarted_count=0
 full_count=0

Compilation events (20 events):
Event: 9645.996 Thread 0x00000239cc1dca40 nmethod 23890 0x00000239bc478c90 code [0x00000239bc478ea0, 0x00000239bc479588]
Event: 9646.020 Thread 0x00000239cc1d6630 23891       4       com.android.ddmlib.PropertyFetcher::access$000 (4 bytes)
Event: 9646.021 Thread 0x00000239cc1d6630 nmethod 23891 0x00000239c235a610 code [0x00000239c235a780, 0x00000239c235a7d8]
Event: 9646.022 Thread 0x00000239cc1d6630 23892       4       java.util.regex.Pattern$Dollar::match (209 bytes)
Event: 9646.027 Thread 0x00000239cc1d6630 nmethod 23892 0x00000239c235a910 code [0x00000239c235aaa0, 0x00000239c235ac78]
Event: 9646.073 Thread 0x00000239cc1d6630 23893       4       com.android.ddmlib.PropertyFetcher::access$000 (4 bytes)
Event: 9646.074 Thread 0x00000239cc1d6630 nmethod 23893 0x00000239c235ae90 code [0x00000239c235b000, 0x00000239c235b058]
Event: 9664.008 Thread 0x00000239cc1d6630 23894   !   4       java.util.concurrent.ConcurrentHashMap::replaceNode (437 bytes)
Event: 9664.043 Thread 0x00000239cc1d6630 nmethod 23894 0x00000239c235b190 code [0x00000239c235b360, 0x00000239c235bfc8]
Event: 9763.092 Thread 0x00000239cc1d6630 23895       4       java.lang.Module::implIsExportedOrOpen (92 bytes)
Event: 9763.145 Thread 0x00000239cc1dca40 23898       3       org.gradle.internal.service.scopes.AbstractPluginServiceRegistry::registerBuildSessionServices (1 bytes)
Event: 9763.146 Thread 0x00000239cc1dca40 nmethod 23898 0x00000239ba4aa790 code [0x00000239ba4aa920, 0x00000239ba4aaa18]
Event: 9763.230 Thread 0x00000239cc1dca40 23899       3       com.google.common.collect.MapMakerInternalMap$Segment::newEntryArray (9 bytes)
Event: 9763.234 Thread 0x00000239cc1dca40 nmethod 23899 0x00000239bbd7b310 code [0x00000239bbd7b4c0, 0x00000239bbd7b7d8]
Event: 9763.241 Thread 0x00000239cc1dca40 23900       3       java.lang.management.ManagementFactory$PlatformMBeanFinder$$Lambda$127/0x0000000800cf7358::test (12 bytes)
Event: 9763.242 Thread 0x00000239cc1dca40 nmethod 23900 0x00000239bbd7ac10 code [0x00000239bbd7ade0, 0x00000239bbd7b1f8]
Event: 9763.243 Thread 0x00000239cc1dca40 23901       3       java.lang.management.ManagementFactory$PlatformMBeanFinder::lambda$findSingleton$5 (13 bytes)
Event: 9763.244 Thread 0x00000239cc1dca40 nmethod 23901 0x00000239bbd7e790 code [0x00000239bbd7e940, 0x00000239bbd7ebb8]
Event: 9763.260 Thread 0x00000239cc1dca40 23902       3       org.gradle.internal.service.scopes.AbstractPluginServiceRegistry::registerGradleServices (1 bytes)
Event: 9763.261 Thread 0x00000239cc1dca40 nmethod 23902 0x00000239ba9d3c90 code [0x00000239ba9d3e20, 0x00000239ba9d3f18]

GC Heap History (20 events):
Event: 3210.200 GC heap before
{Heap before GC invocations=36 (full 0):
 garbage-first heap   total 309248K, used 186112K [0x00000000e0000000, 0x0000000100000000)
  region size 1024K, 15 young (15360K), 8 survivors (8192K)
 Metaspace       used 146248K, capacity 148133K, committed 148508K, reserved 385024K
  class space    used 18364K, capacity 18993K, committed 19148K, reserved 253952K
}
Event: 3210.254 GC heap after
{Heap after GC invocations=37 (full 0):
 garbage-first heap   total 309248K, used 166785K [0x00000000e0000000, 0x0000000100000000)
  region size 1024K, 2 young (2048K), 2 survivors (2048K)
 Metaspace       used 146248K, capacity 148133K, committed 148508K, reserved 385024K
  class space    used 18364K, capacity 18993K, committed 19148K, reserved 253952K
}
Event: 3210.419 GC heap before
{Heap before GC invocations=37 (full 0):
 garbage-first heap   total 309248K, used 172929K [0x00000000e0000000, 0x0000000100000000)
  region size 1024K, 10 young (10240K), 2 survivors (2048K)
 Metaspace       used 146259K, capacity 148133K, committed 148508K, reserved 385024K
  class space    used 18364K, capacity 18993K, committed 19148K, reserved 253952K
}
Event: 3210.425 GC heap after
{Heap after GC invocations=38 (full 0):
 garbage-first heap   total 309248K, used 168833K [0x00000000e0000000, 0x0000000100000000)
  region size 1024K, 4 young (4096K), 4 survivors (4096K)
 Metaspace       used 146259K, capacity 148133K, committed 148508K, reserved 385024K
  class space    used 18364K, capacity 18993K, committed 19148K, reserved 253952K
}
Event: 3211.366 GC heap before
{Heap before GC invocations=39 (full 0):
 garbage-first heap   total 317440K, used 209793K [0x00000000e0000000, 0x0000000100000000)
  region size 1024K, 44 young (45056K), 4 survivors (4096K)
 Metaspace       used 146348K, capacity 148197K, committed 148508K, reserved 385024K
  class space    used 18365K, capacity 18993K, committed 19148K, reserved 253952K
}
Event: 3211.381 GC heap after
{Heap after GC invocations=40 (full 0):
 garbage-first heap   total 317440K, used 176255K [0x00000000e0000000, 0x0000000100000000)
  region size 1024K, 10 young (10240K), 10 survivors (10240K)
 Metaspace       used 146348K, capacity 148197K, committed 148508K, reserved 385024K
  class space    used 18365K, capacity 18993K, committed 19148K, reserved 253952K
}
Event: 3221.864 GC heap before
{Heap before GC invocations=41 (full 0):
 garbage-first heap   total 327680K, used 254079K [0x00000000e0000000, 0x0000000100000000)
  region size 1024K, 81 young (82944K), 10 survivors (10240K)
 Metaspace       used 146460K, capacity 148389K, committed 148764K, reserved 385024K
  class space    used 18366K, capacity 18993K, committed 19148K, reserved 253952K
}
Event: 3221.877 GC heap after
{Heap after GC invocations=42 (full 0):
 garbage-first heap   total 327680K, used 165649K [0x00000000e0000000, 0x0000000100000000)
  region size 1024K, 1 young (1024K), 1 survivors (1024K)
 Metaspace       used 146460K, capacity 148389K, committed 148764K, reserved 385024K
  class space    used 18366K, capacity 18993K, committed 19148K, reserved 253952K
}
Event: 3237.091 GC heap before
{Heap before GC invocations=42 (full 0):
 garbage-first heap   total 327680K, used 181009K [0x00000000e0000000, 0x0000000100000000)
  region size 1024K, 18 young (18432K), 1 survivors (1024K)
 Metaspace       used 147646K, capacity 149560K, committed 149916K, reserved 385024K
  class space    used 18519K, capacity 19140K, committed 19276K, reserved 253952K
}
Event: 3237.100 GC heap after
{Heap after GC invocations=43 (full 0):
 garbage-first heap   total 327680K, used 166617K [0x00000000e0000000, 0x0000000100000000)
  region size 1024K, 2 young (2048K), 2 survivors (2048K)
 Metaspace       used 147646K, capacity 149560K, committed 149916K, reserved 385024K
  class space    used 18519K, capacity 19140K, committed 19276K, reserved 253952K
}
Event: 3240.501 GC heap before
{Heap before GC invocations=44 (full 0):
 garbage-first heap   total 354304K, used 352985K [0x00000000e0000000, 0x0000000100000000)
  region size 1024K, 36 young (36864K), 2 survivors (2048K)
 Metaspace       used 147888K, capacity 149803K, committed 149916K, reserved 385024K
  class space    used 18539K, capacity 19175K, committed 19276K, reserved 253952K
}
Event: 3240.509 GC heap after
{Heap after GC invocations=45 (full 0):
 garbage-first heap   total 357376K, used 147999K [0x00000000e0000000, 0x0000000100000000)
  region size 1024K, 3 young (3072K), 3 survivors (3072K)
 Metaspace       used 147888K, capacity 149803K, committed 149916K, reserved 385024K
  class space    used 18539K, capacity 19175K, committed 19276K, reserved 253952K
}
Event: 3257.646 GC heap before
{Heap before GC invocations=45 (full 0):
 garbage-first heap   total 357376K, used 259615K [0x00000000e0000000, 0x0000000100000000)
  region size 1024K, 17 young (17408K), 3 survivors (3072K)
 Metaspace       used 148991K, capacity 150985K, committed 151324K, reserved 387072K
  class space    used 18661K, capacity 19308K, committed 19404K, reserved 253952K
}
Event: 3257.682 GC heap after
{Heap after GC invocations=46 (full 0):
 garbage-first heap   total 357376K, used 115750K [0x00000000e0000000, 0x0000000100000000)
  region size 1024K, 1 young (1024K), 1 survivors (1024K)
 Metaspace       used 148991K, capacity 150985K, committed 151324K, reserved 387072K
  class space    used 18661K, capacity 19308K, committed 19404K, reserved 253952K
}
Event: 3939.327 GC heap before
{Heap before GC invocations=46 (full 0):
 garbage-first heap   total 357376K, used 279590K [0x00000000e0000000, 0x0000000100000000)
  region size 1024K, 162 young (165888K), 1 survivors (1024K)
 Metaspace       used 149295K, capacity 151260K, committed 151580K, reserved 387072K
  class space    used 18671K, capacity 19324K, committed 19404K, reserved 253952K
}
Event: 3939.345 GC heap after
{Heap after GC invocations=47 (full 0):
 garbage-first heap   total 357376K, used 115983K [0x00000000e0000000, 0x0000000100000000)
  region size 1024K, 1 young (1024K), 1 survivors (1024K)
 Metaspace       used 149295K, capacity 151260K, committed 151580K, reserved 387072K
  class space    used 18671K, capacity 19324K, committed 19404K, reserved 253952K
}
Event: 6299.509 GC heap before
{Heap before GC invocations=48 (full 0):
 garbage-first heap   total 357376K, used 288015K [0x00000000e0000000, 0x0000000100000000)
  region size 1024K, 170 young (174080K), 1 survivors (1024K)
 Metaspace       used 149178K, capacity 150990K, committed 151836K, reserved 387072K
  class space    used 18629K, capacity 19262K, committed 19404K, reserved 253952K
}
Event: 6299.539 GC heap after
{Heap after GC invocations=49 (full 0):
 garbage-first heap   total 357376K, used 123676K [0x00000000e0000000, 0x0000000100000000)
  region size 1024K, 9 young (9216K), 9 survivors (9216K)
 Metaspace       used 149178K, capacity 150990K, committed 151836K, reserved 387072K
  class space    used 18629K, capacity 19262K, committed 19404K, reserved 253952K
}
Event: 6299.731 GC heap before
{Heap before GC invocations=49 (full 0):
 garbage-first heap   total 357376K, used 130844K [0x00000000e0000000, 0x0000000100000000)
  region size 1024K, 17 young (17408K), 9 survivors (9216K)
 Metaspace       used 149178K, capacity 150990K, committed 151836K, reserved 387072K
  class space    used 18629K, capacity 19262K, committed 19404K, reserved 253952K
}
Event: 6299.844 GC heap after
{Heap after GC invocations=50 (full 0):
 garbage-first heap   total 357376K, used 105429K [0x00000000e0000000, 0x0000000100000000)
  region size 1024K, 1 young (1024K), 1 survivors (1024K)
 Metaspace       used 149178K, capacity 150990K, committed 151836K, reserved 387072K
  class space    used 18629K, capacity 19262K, committed 19404K, reserved 253952K
}

Deoptimization events (20 events):
Event: 6297.317 Thread 0x00000239dfe9b950 DEOPT PACKING pc=0x00000239b9fab3ea sp=0x000000ef625fa040
Event: 6297.317 Thread 0x00000239dfe9b950 DEOPT UNPACKING pc=0x00000239b9a4e23f sp=0x000000ef625f9530 mode 0
Event: 6297.466 Thread 0x00000239dfe9b950 Uncommon trap: trap_request=0xffffff45 fr.pc=0x00000239c1e8ad48 relative=0x0000000000000308
Event: 6297.466 Thread 0x00000239dfe9b950 Uncommon trap: reason=unstable_if action=reinterpret pc=0x00000239c1e8ad48 method=java.io.BufferedInputStream.read1([BII)I @ 60 c2
Event: 6297.466 Thread 0x00000239dfe9b950 DEOPT PACKING pc=0x00000239c1e8ad48 sp=0x000000ef625f97c0
Event: 6297.466 Thread 0x00000239dfe9b950 DEOPT UNPACKING pc=0x00000239b9a4e42f sp=0x000000ef625f96f0 mode 2
Event: 6297.488 Thread 0x00000239dfe9b950 Uncommon trap: trap_request=0xffffff45 fr.pc=0x00000239c176cc8c relative=0x000000000000016c
Event: 6297.488 Thread 0x00000239dfe9b950 Uncommon trap: reason=unstable_if action=reinterpret pc=0x00000239c176cc8c method=java.io.BufferedInputStream.read1([BII)I @ 60 c2
Event: 6297.488 Thread 0x00000239dfe9b950 DEOPT PACKING pc=0x00000239c176cc8c sp=0x000000ef625f7420
Event: 6297.488 Thread 0x00000239dfe9b950 DEOPT UNPACKING pc=0x00000239b9a4e42f sp=0x000000ef625f73e0 mode 2
Event: 6298.780 Thread 0x00000239ced78fa0 DEOPT PACKING pc=0x00000239ba661390 sp=0x000000ef6a4fc320
Event: 6298.780 Thread 0x00000239ced78fa0 DEOPT UNPACKING pc=0x00000239b9a4e23f sp=0x000000ef6a4fb868 mode 0
Event: 6300.641 Thread 0x00000239ced79e10 Uncommon trap: trap_request=0xffffffbe fr.pc=0x00000239c1da278c relative=0x0000000000000a8c
Event: 6300.641 Thread 0x00000239ced79e10 Uncommon trap: reason=profile_predicate action=maybe_recompile pc=0x00000239c1da278c method=jdk.internal.reflect.Reflection.filter([Ljava/lang/reflect/Member;Ljava/util/Set;)[Ljava/lang/reflect/Member; @ 118 c2
Event: 6300.641 Thread 0x00000239ced79e10 DEOPT PACKING pc=0x00000239c1da278c sp=0x000000ef6a0fae50
Event: 6300.641 Thread 0x00000239ced79e10 DEOPT UNPACKING pc=0x00000239b9a4e42f sp=0x000000ef6a0fade8 mode 2
Event: 9763.242 Thread 0x00000239d3b62960 Uncommon trap: trap_request=0xffffffc6 fr.pc=0x00000239c1ad509c relative=0x000000000000015c
Event: 9763.242 Thread 0x00000239d3b62960 Uncommon trap: reason=bimorphic_or_optimized_type_check action=maybe_recompile pc=0x00000239c1ad509c method=java.util.Collections$2.tryAdvance(Ljava/util/function/Consumer;)Z @ 29 c2
Event: 9763.242 Thread 0x00000239d3b62960 DEOPT PACKING pc=0x00000239c1ad509c sp=0x000000ef625fb500
Event: 9763.242 Thread 0x00000239d3b62960 DEOPT UNPACKING pc=0x00000239b9a4e42f sp=0x000000ef625fb4a8 mode 2

Classes unloaded (20 events):
Event: 3939.784 Thread 0x00000239cc1ae2e0 Unloading class 0x0000000801241840 'java_lang_String$contains$2'
Event: 3939.784 Thread 0x00000239cc1ae2e0 Unloading class 0x0000000801242040 'java_lang_String$toLowerCase$1'
Event: 3939.784 Thread 0x00000239cc1ae2e0 Unloading class 0x0000000801244840 'java_lang_String$trim$0'
Event: 3939.784 Thread 0x00000239cc1ae2e0 Unloading class 0x00000008011f3840 'java_lang_String$replace'
Event: 3939.784 Thread 0x00000239cc1ae2e0 Unloading class 0x00000008011f7840 'java_util_Map$get'
Event: 3939.784 Thread 0x00000239cc1ae2e0 Unloading class 0x00000008011f2840 'org/gradle/api/DomainObjectCollection$all'
Event: 3939.784 Thread 0x00000239cc1ae2e0 Unloading class 0x000000080138b840 'java_io_File$mkdirs$0'
Event: 3939.784 Thread 0x00000239cc1ae2e0 Unloading class 0x00000008011f1040 'java_io_File$exists'
Event: 3939.784 Thread 0x00000239cc1ae2e0 Unloading class 0x00000008011f0840 'java_lang_System$getenv'
Event: 3939.784 Thread 0x00000239cc1ae2e0 Unloading class 0x00000008011f3040 'org/gradle/api/Project$getProperties$0'
Event: 3939.784 Thread 0x00000239cc1ae2e0 Unloading class 0x0000000801130840 'org/gradle/api/Project$hasProperty'
Event: 3939.784 Thread 0x00000239cc1ae2e0 Unloading class 0x0000000800f19840 'groovy/json/JsonSlurper$parseText'
Event: 3939.784 Thread 0x00000239cc1ae2e0 Unloading class 0x0000000800f1a040 'java_lang_CharSequence$toString'
Event: 3939.784 Thread 0x00000239cc1ae2e0 Unloading class 0x0000000800f1a840 'java_lang_StringBuffer$append'
Event: 3939.784 Thread 0x00000239cc1ae2e0 Unloading class 0x0000000800f1b040 'java_io_BufferedReader$readLine'
Event: 3939.784 Thread 0x00000239cc1ae2e0 Unloading class 0x0000000800f1d040 'java_lang_Runtime$exec$0'
Event: 3939.784 Thread 0x00000239cc1ae2e0 Unloading class 0x0000000800f1d840 'java_lang_Runtime$getRuntime'
Event: 3939.784 Thread 0x00000239cc1ae2e0 Unloading class 0x0000000800f46040 'org/gradle/api/Script$buildscript$1'
Event: 3939.784 Thread 0x00000239cc1ae2e0 Unloading class 0x0000000800f18840 'org/gradle/api/Script$apply$0'
Event: 3939.784 Thread 0x00000239cc1ae2e0 Unloading class 0x0000000800f18040 'org/gradle/api/Script$file'

Classes redefined (0 events):
No events

Internal exceptions (20 events):
Event: 9626.390 Thread 0x00000239ce5d73d0 Exception <a 'java/net/ConnectException'{0x00000000efb6be20}: Connection refused: connect> (0x00000000efb6be20) 
thrown [./open/src/hotspot/share/prims/jni.cpp, line 599]
Event: 9626.405 Thread 0x00000239d2fce770 Exception <a 'java/net/ConnectException'{0x00000000efb7b4b8}: Connection refused: connect> (0x00000000efb7b4b8) 
thrown [./open/src/hotspot/share/prims/jni.cpp, line 599]
Event: 9629.428 Thread 0x00000239d680dee0 Exception <a 'java/net/ConnectException'{0x00000000efb88970}: Connection refused: connect> (0x00000000efb88970) 
thrown [./open/src/hotspot/share/prims/jni.cpp, line 599]
Event: 9629.443 Thread 0x00000239ce5d73d0 Exception <a 'java/net/ConnectException'{0x00000000efb70130}: Connection refused: connect> (0x00000000efb70130) 
thrown [./open/src/hotspot/share/prims/jni.cpp, line 599]
Event: 9629.458 Thread 0x00000239d2fce770 Exception <a 'java/net/ConnectException'{0x00000000efb7f7c8}: Connection refused: connect> (0x00000000efb7f7c8) 
thrown [./open/src/hotspot/share/prims/jni.cpp, line 599]
Event: 9631.459 Thread 0x00000239d680dee0 Exception <a 'java/net/ConnectException'{0x00000000efb88ed8}: Connection refused: connect> (0x00000000efb88ed8) 
thrown [./open/src/hotspot/share/prims/jni.cpp, line 599]
Event: 9631.474 Thread 0x00000239ce5d73d0 Exception <a 'java/net/ConnectException'{0x00000000efb70698}: Connection refused: connect> (0x00000000efb70698) 
thrown [./open/src/hotspot/share/prims/jni.cpp, line 599]
Event: 9631.490 Thread 0x00000239d2fce770 Exception <a 'java/net/ConnectException'{0x00000000efba6d48}: Connection refused: connect> (0x00000000efba6d48) 
thrown [./open/src/hotspot/share/prims/jni.cpp, line 599]
Event: 9634.502 Thread 0x00000239d680dee0 Exception <a 'java/net/ConnectException'{0x00000000efb8d1e8}: Connection refused: connect> (0x00000000efb8d1e8) 
thrown [./open/src/hotspot/share/prims/jni.cpp, line 599]
Event: 9634.533 Thread 0x00000239d2fce770 Exception <a 'java/net/ConnectException'{0x00000000efbab058}: Connection refused: connect> (0x00000000efbab058) 
thrown [./open/src/hotspot/share/prims/jni.cpp, line 599]
Event: 9634.534 Thread 0x00000239ce5d73d0 Exception <a 'java/net/ConnectException'{0x00000000efb749a8}: Connection refused: connect> (0x00000000efb749a8) 
thrown [./open/src/hotspot/share/prims/jni.cpp, line 599]
Event: 9636.548 Thread 0x00000239d680dee0 Exception <a 'java/net/ConnectException'{0x00000000efb8d750}: Connection refused: connect> (0x00000000efb8d750) 
thrown [./open/src/hotspot/share/prims/jni.cpp, line 599]
Event: 9636.579 Thread 0x00000239d2fce770 Exception <a 'java/net/ConnectException'{0x00000000efbab5c0}: Connection refused: connect> (0x00000000efbab5c0) 
thrown [./open/src/hotspot/share/prims/jni.cpp, line 599]
Event: 9636.579 Thread 0x00000239ce5d73d0 Exception <a 'java/net/ConnectException'{0x00000000efb74f10}: Connection refused: connect> (0x00000000efb74f10) 
thrown [./open/src/hotspot/share/prims/jni.cpp, line 599]
Event: 9639.597 Thread 0x00000239d680dee0 Exception <a 'java/net/ConnectException'{0x00000000efb91a60}: Connection refused: connect> (0x00000000efb91a60) 
thrown [./open/src/hotspot/share/prims/jni.cpp, line 599]
Event: 9639.628 Thread 0x00000239ce5d73d0 Exception <a 'java/net/ConnectException'{0x00000000efa04478}: Connection refused: connect> (0x00000000efa04478) 
thrown [./open/src/hotspot/share/prims/jni.cpp, line 599]
Event: 9639.628 Thread 0x00000239d2fce770 Exception <a 'java/net/ConnectException'{0x00000000efbaf8d0}: Connection refused: connect> (0x00000000efbaf8d0) 
thrown [./open/src/hotspot/share/prims/jni.cpp, line 599]
Event: 9641.643 Thread 0x00000239d680dee0 Exception <a 'java/net/ConnectException'{0x00000000efb91fc8}: Connection refused: connect> (0x00000000efb91fc8) 
thrown [./open/src/hotspot/share/prims/jni.cpp, line 599]
Event: 9641.659 Thread 0x00000239d2fce770 Exception <a 'java/net/ConnectException'{0x00000000efbafe38}: Connection refused: connect> (0x00000000efbafe38) 
thrown [./open/src/hotspot/share/prims/jni.cpp, line 599]
Event: 9641.659 Thread 0x00000239ce5d73d0 Exception <a 'java/net/ConnectException'{0x00000000efa049e0}: Connection refused: connect> (0x00000000efa049e0) 
thrown [./open/src/hotspot/share/prims/jni.cpp, line 599]

Events (20 events):
Event: 9644.911 Thread 0x00000239d3b62e30 Thread exited: 0x00000239d3b62e30
Event: 9644.911 Thread 0x00000239d3b62960 Thread exited: 0x00000239d3b62960
Event: 9644.966 Thread 0x00000239ced7a7b0 Thread exited: 0x00000239ced7a7b0
Event: 9644.966 Thread 0x00000239ced7c490 Thread exited: 0x00000239ced7c490
Event: 9645.078 Thread 0x00000239d3b62960 Thread added: 0x00000239d3b62960
Event: 9645.186 Thread 0x00000239d3b62960 Thread exited: 0x00000239d3b62960
Event: 9645.929 Thread 0x00000239ced7a2e0 Thread added: 0x00000239ced7a2e0
Event: 9645.992 Thread 0x00000239d3b62960 Thread added: 0x00000239d3b62960
Event: 9646.025 Thread 0x00000239ced7a2e0 Thread exited: 0x00000239ced7a2e0
Event: 9646.077 Thread 0x00000239d3b62960 Thread exited: 0x00000239d3b62960
Event: 9646.971 Executing VM operation: HandshakeAllThreads
Event: 9646.971 Executing VM operation: HandshakeAllThreads done
Event: 9762.971 Thread 0x00000239dfe9a610 Thread added: 0x00000239dfe9a610
Event: 9762.977 Thread 0x00000239dea39300 Thread added: 0x00000239dea39300
Event: 9763.036 Thread 0x00000239dea397d0 Thread added: 0x00000239dea397d0
Event: 9763.059 Thread 0x00000239d3b62960 Thread added: 0x00000239d3b62960
Event: 9763.099 Thread 0x00000239d39839d0 Thread added: 0x00000239d39839d0
Event: 9763.115 Thread 0x00000239d3983ea0 Thread added: 0x00000239d3983ea0
Event: 9763.117 Thread 0x00000239d3981820 Thread added: 0x00000239d3981820
Event: 9763.283 Thread 0x00000239ced7c490 Thread added: 0x00000239ced7c490


Dynamic libraries:
0x00007ff71f380000 - 0x00007ff71f38f000 	C:\Program Files\Java\jdk-15.0.2\bin\java.exe
0x00007ff8c4b50000 - 0x00007ff8c4d45000 	C:\WINDOWS\SYSTEM32\ntdll.dll
0x00007ff8c48b0000 - 0x00007ff8c496d000 	C:\WINDOWS\System32\KERNEL32.DLL
0x00007ff8c28e0000 - 0x00007ff8c2ba8000 	C:\WINDOWS\System32\KERNELBASE.dll
0x00007ff8c24f0000 - 0x00007ff8c25f0000 	C:\WINDOWS\System32\ucrtbase.dll
0x00007ff8baf00000 - 0x00007ff8baf19000 	C:\Program Files\Java\jdk-15.0.2\bin\VCRUNTIME140.dll
0x00007ff8bec30000 - 0x00007ff8bec48000 	C:\Program Files\Java\jdk-15.0.2\bin\jli.dll
0x00007ff8c3b10000 - 0x00007ff8c3bbc000 	C:\WINDOWS\System32\ADVAPI32.dll
0x00007ff8c2ea0000 - 0x00007ff8c2f3e000 	C:\WINDOWS\System32\msvcrt.dll
0x00007ff8c49e0000 - 0x00007ff8c4a7b000 	C:\WINDOWS\System32\sechost.dll
0x00007ff8c2d70000 - 0x00007ff8c2e9b000 	C:\WINDOWS\System32\RPCRT4.dll
0x00007ff8c3bc0000 - 0x00007ff8c3d60000 	C:\WINDOWS\System32\USER32.dll
0x00007ff8b3870000 - 0x00007ff8b3b0a000 	C:\WINDOWS\WinSxS\amd64_microsoft.windows.common-controls_6595b64144ccf1df_6.0.19041.844_none_ca00b6081b84eb1d\COMCTL32.dll
0x00007ff8c2750000 - 0x00007ff8c2772000 	C:\WINDOWS\System32\win32u.dll
0x00007ff8c4800000 - 0x00007ff8c482a000 	C:\WINDOWS\System32\GDI32.dll
0x00007ff8c2640000 - 0x00007ff8c274b000 	C:\WINDOWS\System32\gdi32full.dll
0x00007ff8c2310000 - 0x00007ff8c23ad000 	C:\WINDOWS\System32\msvcp_win.dll
0x00007ff8bc690000 - 0x00007ff8bc69a000 	C:\WINDOWS\SYSTEM32\VERSION.dll
0x00007ff8c3060000 - 0x00007ff8c3090000 	C:\WINDOWS\System32\IMM32.DLL
0x00007ff8baef0000 - 0x00007ff8baefc000 	C:\Program Files\Java\jdk-15.0.2\bin\vcruntime140_1.dll
0x00007ff8bae50000 - 0x00007ff8baee1000 	C:\Program Files\Java\jdk-15.0.2\bin\msvcp140.dll
0x00007ff87d120000 - 0x00007ff87dc7e000 	C:\Program Files\Java\jdk-15.0.2\bin\server\jvm.dll
0x00007ff8c2d00000 - 0x00007ff8c2d08000 	C:\WINDOWS\System32\PSAPI.DLL
0x00007ff8bae40000 - 0x00007ff8bae49000 	C:\WINDOWS\SYSTEM32\WSOCK32.dll
0x00007ff8c46e0000 - 0x00007ff8c474b000 	C:\WINDOWS\System32\WS2_32.dll
0x00007ff8bfb60000 - 0x00007ff8bfb87000 	C:\WINDOWS\SYSTEM32\WINMM.dll
0x00007ff8c0190000 - 0x00007ff8c01a2000 	C:\WINDOWS\SYSTEM32\kernel.appcore.dll
0x00007ff8bae30000 - 0x00007ff8bae3a000 	C:\Program Files\Java\jdk-15.0.2\bin\jimage.dll
0x00007ff8af4d0000 - 0x00007ff8af6b4000 	C:\WINDOWS\SYSTEM32\DBGHELP.DLL
0x00007ff8af4a0000 - 0x00007ff8af4cc000 	C:\WINDOWS\SYSTEM32\dbgcore.DLL
0x00007ff8c2290000 - 0x00007ff8c2310000 	C:\WINDOWS\System32\bcryptPrimitives.dll
0x00007ff8bae00000 - 0x00007ff8bae25000 	C:\Program Files\Java\jdk-15.0.2\bin\java.dll
0x00007ff8c33c0000 - 0x00007ff8c3b02000 	C:\WINDOWS\System32\SHELL32.dll
0x00007ff8c0390000 - 0x00007ff8c0b21000 	C:\WINDOWS\SYSTEM32\windows.storage.dll
0x00007ff8c3d60000 - 0x00007ff8c40b5000 	C:\WINDOWS\System32\combase.dll
0x00007ff8c1c30000 - 0x00007ff8c1c5c000 	C:\WINDOWS\SYSTEM32\Wldp.dll
0x00007ff8c32b0000 - 0x00007ff8c335e000 	C:\WINDOWS\System32\SHCORE.dll
0x00007ff8c3170000 - 0x00007ff8c31c5000 	C:\WINDOWS\System32\shlwapi.dll
0x00007ff8c21d0000 - 0x00007ff8c21ef000 	C:\WINDOWS\SYSTEM32\profapi.dll
0x00007ff8bade0000 - 0x00007ff8badf9000 	C:\Program Files\Java\jdk-15.0.2\bin\net.dll
0x00007ff8b4340000 - 0x00007ff8b444b000 	C:\WINDOWS\SYSTEM32\WINHTTP.dll
0x00007ff8c19a0000 - 0x00007ff8c1a0a000 	C:\WINDOWS\system32\mswsock.dll
0x00007ff8badc0000 - 0x00007ff8badd2000 	C:\Program Files\Java\jdk-15.0.2\bin\nio.dll
0x00007ff8bada0000 - 0x00007ff8badb8000 	C:\Program Files\Java\jdk-15.0.2\bin\zip.dll
0x00007ff8bad90000 - 0x00007ff8bada0000 	C:\Program Files\Java\jdk-15.0.2\bin\verify.dll
0x00007ff8bad60000 - 0x00007ff8bad86000 	C:\Users\inter\.gradle\native\fdc75f09e3144964f2cf3f50f0aa648679c211496f362492102eb8c894070792\windows-amd64\native-platform.dll
0x00007ff88b5e0000 - 0x00007ff88b771000 	C:\Users\inter\.gradle\native\12488b8bf47d2d4c9fbf2f6322a914ad602e24e48041cd04a747c6da556b65c4\windows-amd64\native-platform-file-events.dll
0x00007ff8bad40000 - 0x00007ff8bad49000 	C:\Program Files\Java\jdk-15.0.2\bin\management.dll
0x00007ff8bad30000 - 0x00007ff8bad3b000 	C:\Program Files\Java\jdk-15.0.2\bin\management_ext.dll
0x00007ff8c1b70000 - 0x00007ff8c1b88000 	C:\WINDOWS\SYSTEM32\CRYPTSP.dll
0x00007ff8c1300000 - 0x00007ff8c1334000 	C:\WINDOWS\system32\rsaenh.dll
0x00007ff8c23b0000 - 0x00007ff8c23d7000 	C:\WINDOWS\System32\bcrypt.dll
0x00007ff8c2150000 - 0x00007ff8c217e000 	C:\WINDOWS\SYSTEM32\USERENV.dll
0x00007ff8c1b90000 - 0x00007ff8c1b9c000 	C:\WINDOWS\SYSTEM32\CRYPTBASE.dll
0x00007ff8c1690000 - 0x00007ff8c16cb000 	C:\WINDOWS\SYSTEM32\IPHLPAPI.DLL
0x00007ff8c4970000 - 0x00007ff8c4978000 	C:\WINDOWS\System32\NSI.dll
0x00007ff8baa10000 - 0x00007ff8baa27000 	C:\WINDOWS\SYSTEM32\dhcpcsvc6.DLL
0x00007ff8baab0000 - 0x00007ff8baacd000 	C:\WINDOWS\SYSTEM32\dhcpcsvc.DLL
0x00007ff8c16d0000 - 0x00007ff8c179c000 	C:\WINDOWS\SYSTEM32\DNSAPI.dll
0x00007ff8bc6a0000 - 0x00007ff8bc6ab000 	C:\WINDOWS\SYSTEM32\WINNSI.DLL
0x00007ff8b4070000 - 0x00007ff8b407a000 	C:\Windows\System32\rasadhlp.dll
0x00007ff8b5260000 - 0x00007ff8b52df000 	C:\WINDOWS\System32\fwpuclnt.dll
0x00007ff8c0f90000 - 0x00007ff8c0fc3000 	C:\WINDOWS\SYSTEM32\ntmarta.dll

dbghelp: loaded successfully - version: 4.0.5 - missing functions: none
symbol engine: initialized successfully - sym options: 0x614 - pdb path: .;C:\Program Files\Java\jdk-15.0.2\bin;C:\WINDOWS\SYSTEM32;C:\WINDOWS\WinSxS\amd64_microsoft.windows.common-controls_6595b64144ccf1df_6.0.19041.844_none_ca00b6081b84eb1d;C:\Program Files\Java\jdk-15.0.2\bin\server;C:\Users\inter\.gradle\native\fdc75f09e3144964f2cf3f50f0aa648679c211496f362492102eb8c894070792\windows-amd64;C:\Users\inter\.gradle\native\12488b8bf47d2d4c9fbf2f6322a914ad602e24e48041cd04a747c6da556b65c4\windows-amd64

VM Arguments:
jvm_args: --add-opens=java.base/java.util=ALL-UNNAMED --add-opens=java.base/java.lang=ALL-UNNAMED --add-opens=java.base/java.lang.invoke=ALL-UNNAMED --add-opens=java.prefs/java.util.prefs=ALL-UNNAMED -XX:MaxMetaspaceSize=256m -XX:+HeapDumpOnOutOfMemoryError -Xms256m -Xmx512m -Dfile.encoding=windows-1251 -Duser.country=RU -Duser.language=ru -Duser.variant 
java_command: org.gradle.launcher.daemon.bootstrap.GradleDaemon 6.7
java_class_path (initial): C:\Users\inter\.gradle\wrapper\dists\gradle-6.7-all\cuy9mc7upwgwgeb72wkcrupxe\gradle-6.7\lib\gradle-launcher-6.7.jar
Launcher Type: SUN_STANDARD

[Global flags]
     intx CICompilerCount                          = 3                                         {product} {ergonomic}
   size_t CompressedClassSpaceSize                 = 260046848                                 {product} {ergonomic}
     uint ConcGCThreads                            = 1                                         {product} {ergonomic}
     uint G1ConcRefinementThreads                  = 4                                         {product} {ergonomic}
   size_t G1HeapRegionSize                         = 1048576                                   {product} {ergonomic}
    uintx GCDrainStackTargetSize                   = 64                                        {product} {ergonomic}
     bool HeapDumpOnOutOfMemoryError               = true                                   {manageable} {command line}
   size_t InitialHeapSize                          = 268435456                                 {product} {command line}
   size_t MarkStackSize                            = 4194304                                   {product} {ergonomic}
   size_t MaxHeapSize                              = 536870912                                 {product} {command line}
   size_t MaxMetaspaceSize                         = 268435456                                 {product} {command line}
   size_t MaxNewSize                               = 321912832                                 {product} {ergonomic}
   size_t MinHeapDeltaBytes                        = 1048576                                   {product} {ergonomic}
   size_t MinHeapSize                              = 268435456                                 {product} {command line}
    uintx NonNMethodCodeHeapSize                   = 5832780                                {pd product} {ergonomic}
    uintx NonProfiledCodeHeapSize                  = 122912730                              {pd product} {ergonomic}
    uintx ProfiledCodeHeapSize                     = 122912730                              {pd product} {ergonomic}
    uintx ReservedCodeCacheSize                    = 251658240                              {pd product} {ergonomic}
     bool SegmentedCodeCache                       = true                                      {product} {ergonomic}
   size_t SoftMaxHeapSize                          = 536870912                              {manageable} {ergonomic}
     bool UseCompressedClassPointers               = true                                 {lp64_product} {ergonomic}
     bool UseCompressedOops                        = true                                 {lp64_product} {ergonomic}
     bool UseG1GC                                  = true                                      {product} {ergonomic}
     bool UseLargePagesIndividualAllocation        = false                                  {pd product} {ergonomic}

Logging:
Log output configuration:
 #0: stdout all=warning uptime,level,tags
 #1: stderr all=off uptime,level,tags

Environment Variables:
JAVA_HOME=C:\Program Files\Java\jdk-15.0.2
CLASSPATH=C:\dev\ms\mobile\TodoApp\android\\gradle\wrapper\gradle-wrapper.jar
PATH=C:\dev\ms\mobile\TodoApp\android\node_modules\.bin;C:\dev\ms\mobile\TodoApp\node_modules\.bin;C:\dev\ms\mobile\node_modules\.bin;C:\dev\ms\node_modules\.bin;C:\dev\node_modules\.bin;C:\node_modules\.bin;C:\Program Files\nodejs;C:\dev\ms\mobile\TodoApp\node_modules\.bin;C:\Program Files\PowerShell\7;C:\Program Files\Common Files\Oracle\Java\javapath;C:\Python38\Scripts\;C:\Python38\;C:\WINDOWS\system32;C:\WINDOWS;C:\WINDOWS\System32\Wbem;C:\WINDOWS\System32\WindowsPowerShell\v1.0\;C:\WINDOWS\System32\OpenSSH\;C:\Program Files\dotnet\;C:\Program Files\Microsoft SQL Server\130\Tools\Binn\;C:\php7;C:\ProgramData\chocolatey\bin;C:\Users\inter\AppData\Roaming\npm;C:\Program Files\Java\jdk1.8.0_211\bin;C:\Users\inter\AppData\Local\Android\Sdk\platform-tools;C:\Program Files (x86)\NVIDIA Corporation\PhysX\Common;C:\Program Files\nodejs\;C:\Program Files\PowerShell\7\;C:\Program Files\Git\cmd;C:\Program Files\Microsoft SQL Server\Client SDK\ODBC\170\Tools\Binn\;C:\Program Files\Docker\Docker\resources\bin;C:\ProgramData\DockerDesktop\version-bin;C:\Program Files\OpenJDK\openjdk-8u282-b08\bin;C:\Users\inter\Downloads\platform-tools_r29.0.6-windows\platform-tools;C:\Users\inter\AppData\Local\Android\Sdk\platform-tools;C:\Users\inter\.dotnet\tools;C:\Users\inter\AppData\Local\Programs\Microsoft VS Code\bin;C:\Users\inter\AppData\Roaming\Pub\Cache\bin;C:\Users\inter\AppData\Local\Microsoft\WindowsApps;C:\Users\inter\AppData\Roaming\npm;C:\Users\inter\.dotnet\tools;
USERNAME=inter
LANG=ru_RU.UTF-8
OS=Windows_NT
PROCESSOR_IDENTIFIER=Intel64 Family 6 Model 58 Stepping 9, GenuineIntel



---------------  S Y S T E M  ---------------

OS:
 Windows 10 , 64 bit Build 19041 (10.0.19041.928)
OS uptime: 1 days 6:48 hours
HyperV virtualization detected

CPU: total 4 (initial active 4) (2 cores per cpu, 2 threads per core) family 6 model 58 stepping 9 microcode 0x21, cmov, cx8, fxsr, mmx, sse, sse2, sse3, ssse3, sse4.1, sse4.2, popcnt, vzeroupper, avx, aes, clmul, erms, ht, tsc, tscinvbit, tscinv, clflush

Memory: 4k page, system-wide physical 6029M (1575M free)
TotalPageFile size 7678M (AvailPageFile size 5M)
current process WorkingSet (physical memory assigned to process): 151M, peak: 746M
current process commit charge ("private bytes"): 796M, peak: 812M

vm_info: Java HotSpot(TM) 64-Bit Server VM (15.0.2+7-27) for windows-amd64 JRE (15.0.2+7-27), built on Dec  7 2020 20:07:01 by "mach5one" with unknown MS VC++:1925

END.
